# JRE version: Java(TM) SE Runtime Environment (8.0_251-b08) (build 1.8.0_251-b08)
# Java VM: Java HotSpot(TM) 64-Bit Server VM (25.251-b08 mixed mode windows-amd64 compressed oops)
Heap:
 PSYoungGen      total 161792K, used 19725K [0x00000000f5580000, 0x0000000100000000, 0x0000000100000000)
  eden space 148992K, 4% used [0x00000000f5580000,0x00000000f5c45670,0x00000000fe700000)
  from space 12800K, 99% used [0x00000000fe700000,0x00000000ff37de00,0x00000000ff380000)
  to   space 12800K, 0% used [0x00000000ff380000,0x00000000ff380000,0x0000000100000000)
 ParOldGen       total 175104K, used 28215K [0x00000000e0000000, 0x00000000eab00000, 0x00000000f5580000)
  object space 175104K, 16% used [0x00000000e0000000,0x00000000e1b8dc88,0x00000000eab00000)
 Metaspace       used 48300K, capacity 50060K, committed 50304K, reserved 1091584K
  class space    used 6849K, capacity 7211K, committed 7296K, reserved 1048576K
GC Heap History (10 events):
Event: 15.432 GC heap before
{Heap before GC invocations=7 (full 1):
 PSYoungGen      total 76288K, used 74014K [0x00000000f5580000, 0x00000000fdb80000, 0x0000000100000000)
  eden space 65536K, 100% used [0x00000000f5580000,0x00000000f9580000,0x00000000f9580000)
  from space 10752K, 78% used [0x00000000f9580000,0x00000000f9dc7a98,0x00000000fa000000)
  to   space 12288K, 0% used [0x00000000fcf80000,0x00000000fcf80000,0x00000000fdb80000)
 ParOldGen       total 175104K, used 6754K [0x00000000e0000000, 0x00000000eab00000, 0x00000000f5580000)
  object space 175104K, 3% used [0x00000000e0000000,0x00000000e0698830,0x00000000eab00000)
 Metaspace       used 33024K, capacity 33686K, committed 33792K, reserved 1079296K
  class space    used 4643K, capacity 4838K, committed 4864K, reserved 1048576K
Event: 15.456 GC heap after
Heap after GC invocations=7 (full 1):
 PSYoungGen      total 121856K, used 9385K [0x00000000f5580000, 0x00000000fda00000, 0x0000000100000000)
  eden space 111104K, 0% used [0x00000000f5580000,0x00000000f5580000,0x00000000fc200000)
  from space 10752K, 87% used [0x00000000fcf80000,0x00000000fd8aa6c8,0x00000000fda00000)
  to   space 12288K, 0% used [0x00000000fc200000,0x00000000fc200000,0x00000000fce00000)
 ParOldGen       total 175104K, used 6762K [0x00000000e0000000, 0x00000000eab00000, 0x00000000f5580000)
  object space 175104K, 3% used [0x00000000e0000000,0x00000000e069a830,0x00000000eab00000)
 Metaspace       used 33024K, capacity 33686K, committed 33792K, reserved 1079296K
  class space    used 4643K, capacity 4838K, committed 4864K, reserved 1048576K
}
Event: 16.513 GC heap before
{Heap before GC invocations=8 (full 1):
 PSYoungGen      total 121856K, used 43841K [0x00000000f5580000, 0x00000000fda00000, 0x0000000100000000)
  eden space 111104K, 31% used [0x00000000f5580000,0x00000000f7726120,0x00000000fc200000)
  from space 10752K, 87% used [0x00000000fcf80000,0x00000000fd8aa6c8,0x00000000fda00000)
  to   space 12288K, 0% used [0x00000000fc200000,0x00000000fc200000,0x00000000fce00000)
 ParOldGen       total 175104K, used 6762K [0x00000000e0000000, 0x00000000eab00000, 0x00000000f5580000)
  object space 175104K, 3% used [0x00000000e0000000,0x00000000e069a830,0x00000000eab00000)
 Metaspace       used 34558K, capacity 35320K, committed 35456K, reserved 1079296K
  class space    used 4928K, capacity 5142K, committed 5248K, reserved 1048576K
Event: 16.539 GC heap after
Heap after GC invocations=8 (full 1):
 PSYoungGen      total 123392K, used 8665K [0x00000000f5580000, 0x0000000100000000, 0x0000000100000000)
  eden space 111104K, 0% used [0x00000000f5580000,0x00000000f5580000,0x00000000fc200000)
  from space 12288K, 70% used [0x00000000fc200000,0x00000000fca767f8,0x00000000fce00000)
  to   space 11776K, 0% used [0x00000000ff480000,0x00000000ff480000,0x0000000100000000)
 ParOldGen       total 175104K, used 6770K [0x00000000e0000000, 0x00000000eab00000, 0x00000000f5580000)
  object space 175104K, 3% used [0x00000000e0000000,0x00000000e069c830,0x00000000eab00000)
 Metaspace       used 34558K, capacity 35320K, committed 35456K, reserved 1079296K
  class space    used 4928K, capacity 5142K, committed 5248K, reserved 1048576K
}
Event: 16.539 GC heap before
{Heap before GC invocations=9 (full 2):
 PSYoungGen      total 123392K, used 8665K [0x00000000f5580000, 0x0000000100000000, 0x0000000100000000)
  eden space 111104K, 0% used [0x00000000f5580000,0x00000000f5580000,0x00000000fc200000)
  from space 12288K, 70% used [0x00000000fc200000,0x00000000fca767f8,0x00000000fce00000)
  to   space 11776K, 0% used [0x00000000ff480000,0x00000000ff480000,0x0000000100000000)
 ParOldGen       total 175104K, used 6770K [0x00000000e0000000, 0x00000000eab00000, 0x00000000f5580000)
  object space 175104K, 3% used [0x00000000e0000000,0x00000000e069c830,0x00000000eab00000)
 Metaspace       used 34558K, capacity 35320K, committed 35456K, reserved 1079296K
  class space    used 4928K, capacity 5142K, committed 5248K, reserved 1048576K
Event: 16.726 GC heap after
Heap after GC invocations=9 (full 2):
 PSYoungGen      total 123392K, used 0K [0x00000000f5580000, 0x0000000100000000, 0x0000000100000000)
  eden space 111104K, 0% used [0x00000000f5580000,0x00000000f5580000,0x00000000fc200000)
  from space 12288K, 0% used [0x00000000fc200000,0x00000000fc200000,0x00000000fce00000)
  to   space 11776K, 0% used [0x00000000ff480000,0x00000000ff480000,0x0000000100000000)
 ParOldGen       total 175104K, used 15066K [0x00000000e0000000, 0x00000000eab00000, 0x00000000f5580000)
  object space 175104K, 8% used [0x00000000e0000000,0x00000000e0eb68d8,0x00000000eab00000)
 Metaspace       used 34558K, capacity 35320K, committed 35456K, reserved 1079296K
  class space    used 4928K, capacity 5142K, committed 5248K, reserved 1048576K
}
Event: 20.121 GC heap before
{Heap before GC invocations=10 (full 2):
 PSYoungGen      total 123392K, used 111104K [0x00000000f5580000, 0x0000000100000000, 0x0000000100000000)
  eden space 111104K, 100% used [0x00000000f5580000,0x00000000fc200000,0x00000000fc200000)
  from space 12288K, 0% used [0x00000000fc200000,0x00000000fc200000,0x00000000fce00000)
  to   space 11776K, 0% used [0x00000000ff480000,0x00000000ff480000,0x0000000100000000)
 ParOldGen       total 175104K, used 15066K [0x00000000e0000000, 0x00000000eab00000, 0x00000000f5580000)
  object space 175104K, 8% used [0x00000000e0000000,0x00000000e0eb68d8,0x00000000eab00000)
 Metaspace       used 41114K, capacity 42670K, committed 42752K, reserved 1085440K
  class space    used 6012K, capacity 6356K, committed 6400K, reserved 1048576K
Event: 20.145 GC heap after
Heap after GC invocations=10 (full 2):
 PSYoungGen      total 160768K, used 11444K [0x00000000f5580000, 0x0000000100000000, 0x0000000100000000)
  eden space 148992K, 0% used [0x00000000f5580000,0x00000000f5580000,0x00000000fe700000)
  from space 11776K, 97% used [0x00000000ff480000,0x00000000fffad238,0x0000000100000000)
  to   space 12800K, 0% used [0x00000000fe700000,0x00000000fe700000,0x00000000ff380000)
 ParOldGen       total 175104K, used 15074K [0x00000000e0000000, 0x00000000eab00000, 0x00000000f5580000)
  object space 175104K, 8% used [0x00000000e0000000,0x00000000e0eb88d8,0x00000000eab00000)
 Metaspace       used 41114K, capacity 42670K, committed 42752K, reserved 1085440K
  class space    used 6012K, capacity 6356K, committed 6400K, reserved 1048576K
}
Event: 144.094 GC heap before
{Heap before GC invocations=11 (full 2):
 PSYoungGen      total 160768K, used 160436K [0x00000000f5580000, 0x0000000100000000, 0x0000000100000000)
  eden space 148992K, 100% used [0x00000000f5580000,0x00000000fe700000,0x00000000fe700000)
  from space 11776K, 97% used [0x00000000ff480000,0x00000000fffad238,0x0000000100000000)
  to   space 12800K, 0% used [0x00000000fe700000,0x00000000fe700000,0x00000000ff380000)
 ParOldGen       total 175104K, used 15074K [0x00000000e0000000, 0x00000000eab00000, 0x00000000f5580000)
  object space 175104K, 8% used [0x00000000e0000000,0x00000000e0eb88d8,0x00000000eab00000)
 Metaspace       used 48234K, capacity 49960K, committed 50304K, reserved 1091584K
  class space    used 6846K, capacity 7205K, committed 7296K, reserved 1048576K
Event: 144.207 GC heap after
Heap after GC invocations=11 (full 2):
 PSYoungGen      total 161792K, used 12791K [0x00000000f5580000, 0x0000000100000000, 0x0000000100000000)
  eden space 148992K, 0% used [0x00000000f5580000,0x00000000f5580000,0x00000000fe700000)
  from space 12800K, 99% used [0x00000000fe700000,0x00000000ff37de00,0x00000000ff380000)
  to   space 12800K, 0% used [0x00000000ff380000,0x00000000ff380000,0x0000000100000000)
 ParOldGen       total 175104K, used 28215K [0x00000000e0000000, 0x00000000eab00000, 0x00000000f5580000)
  object space 175104K, 16% used [0x00000000e0000000,0x00000000e1b8dc88,0x00000000eab00000)
 Metaspace       used 48234K, capacity 49960K, committed 50304K, reserved 1091584K
  class space    used 6846K, capacity 7205K, committed 7296K, reserved 1048576K
}

