# JRE version: Java(TM) SE Runtime Environment (8.0_251-b08) (build 1.8.0_251-b08)
# Java VM: Java HotSpot(TM) 64-Bit Server VM (25.251-b08 mixed mode windows-amd64 compressed oops)
Heap:
 PSYoungGen      total 138752K, used 81309K [0x00000000f5580000, 0x00000000ff700000, 0x0000000100000000)
  eden space 120320K, 59% used [0x00000000f5580000,0x00000000f9ad3d28,0x00000000fcb00000)
  from space 18432K, 55% used [0x00000000fe500000,0x00000000fef13a00,0x00000000ff700000)
  to   space 22528K, 0% used [0x00000000fcb00000,0x00000000fcb00000,0x00000000fe100000)
 ParOldGen       total 175104K, used 54296K [0x00000000e0000000, 0x00000000eab00000, 0x00000000f5580000)
  object space 175104K, 31% used [0x00000000e0000000,0x00000000e3506270,0x00000000eab00000)
 Metaspace       used 52300K, capacity 55728K, committed 55936K, reserved 1097728K
  class space    used 7154K, capacity 7753K, committed 7808K, reserved 1048576K
GC Heap History (10 events):
Event: 39.940 GC heap before
{Heap before GC invocations=10 (full 2):
 PSYoungGen      total 122368K, used 110080K [0x00000000f5580000, 0x0000000100000000, 0x0000000100000000)
  eden space 110080K, 100% used [0x00000000f5580000,0x00000000fc100000,0x00000000fc100000)
  from space 12288K, 0% used [0x00000000fc100000,0x00000000fc100000,0x00000000fcd00000)
  to   space 12288K, 0% used [0x00000000ff400000,0x00000000ff400000,0x0000000100000000)
 ParOldGen       total 175104K, used 15411K [0x00000000e0000000, 0x00000000eab00000, 0x00000000f5580000)
  object space 175104K, 8% used [0x00000000e0000000,0x00000000e0f0cd48,0x00000000eab00000)
 Metaspace       used 40903K, capacity 42462K, committed 42752K, reserved 1085440K
  class space    used 5966K, capacity 6290K, committed 6400K, reserved 1048576K
Event: 39.997 GC heap after
Heap after GC invocations=10 (full 2):
 PSYoungGen      total 162304K, used 10146K [0x00000000f5580000, 0x0000000100000000, 0x0000000100000000)
  eden space 150016K, 0% used [0x00000000f5580000,0x00000000f5580000,0x00000000fe800000)
  from space 12288K, 82% used [0x00000000ff400000,0x00000000ffde8a58,0x0000000100000000)
  to   space 12288K, 0% used [0x00000000fe800000,0x00000000fe800000,0x00000000ff400000)
 ParOldGen       total 175104K, used 15411K [0x00000000e0000000, 0x00000000eab00000, 0x00000000f5580000)
  object space 175104K, 8% used [0x00000000e0000000,0x00000000e0f0cd48,0x00000000eab00000)
 Metaspace       used 40903K, capacity 42462K, committed 42752K, reserved 1085440K
  class space    used 5966K, capacity 6290K, committed 6400K, reserved 1048576K
}
Event: 1092.978 GC heap before
{Heap before GC invocations=11 (full 2):
 PSYoungGen      total 162304K, used 160156K [0x00000000f5580000, 0x0000000100000000, 0x0000000100000000)
  eden space 150016K, 99% used [0x00000000f5580000,0x00000000fe7fe7d8,0x00000000fe800000)
  from space 12288K, 82% used [0x00000000ff400000,0x00000000ffde8a58,0x0000000100000000)
  to   space 12288K, 0% used [0x00000000fe800000,0x00000000fe800000,0x00000000ff400000)
 ParOldGen       total 175104K, used 15411K [0x00000000e0000000, 0x00000000eab00000, 0x00000000f5580000)
  object space 175104K, 8% used [0x00000000e0000000,0x00000000e0f0cd48,0x00000000eab00000)
 Metaspace       used 47303K, capacity 49252K, committed 49408K, reserved 1091584K
  class space    used 6687K, capacity 7083K, committed 7168K, reserved 1048576K
Event: 1093.018 GC heap after
Heap after GC invocations=11 (full 2):
 PSYoungGen      total 162304K, used 12284K [0x00000000f5580000, 0x0000000100000000, 0x0000000100000000)
  eden space 150016K, 0% used [0x00000000f5580000,0x00000000f5580000,0x00000000fe800000)
  from space 12288K, 99% used [0x00000000fe800000,0x00000000ff3ff070,0x00000000ff400000)
  to   space 12288K, 0% used [0x00000000ff400000,0x00000000ff400000,0x0000000100000000)
 ParOldGen       total 175104K, used 23000K [0x00000000e0000000, 0x00000000eab00000, 0x00000000f5580000)
  object space 175104K, 13% used [0x00000000e0000000,0x00000000e1676260,0x00000000eab00000)
 Metaspace       used 47303K, capacity 49252K, committed 49408K, reserved 1091584K
  class space    used 6687K, capacity 7083K, committed 7168K, reserved 1048576K
}
Event: 1115.805 GC heap before
{Heap before GC invocations=12 (full 2):
 PSYoungGen      total 162304K, used 162300K [0x00000000f5580000, 0x0000000100000000, 0x0000000100000000)
  eden space 150016K, 100% used [0x00000000f5580000,0x00000000fe800000,0x00000000fe800000)
  from space 12288K, 99% used [0x00000000fe800000,0x00000000ff3ff070,0x00000000ff400000)
  to   space 12288K, 0% used [0x00000000ff400000,0x00000000ff400000,0x0000000100000000)
 ParOldGen       total 175104K, used 23000K [0x00000000e0000000, 0x00000000eab00000, 0x00000000f5580000)
  object space 175104K, 13% used [0x00000000e0000000,0x00000000e1676260,0x00000000eab00000)
 Metaspace       used 49624K, capacity 51770K, committed 51968K, reserved 1093632K
  class space    used 6911K, capacity 7350K, committed 7424K, reserved 1048576K
Event: 1115.885 GC heap after
Heap after GC invocations=12 (full 2):
 PSYoungGen      total 138752K, used 12276K [0x00000000f5580000, 0x0000000100000000, 0x0000000100000000)
  eden space 126464K, 0% used [0x00000000f5580000,0x00000000f5580000,0x00000000fd100000)
  from space 12288K, 99% used [0x00000000ff400000,0x00000000ffffd0e0,0x0000000100000000)
  to   space 24064K, 0% used [0x00000000fd100000,0x00000000fd100000,0x00000000fe880000)
 ParOldGen       total 175104K, used 42928K [0x00000000e0000000, 0x00000000eab00000, 0x00000000f5580000)
  object space 175104K, 24% used [0x00000000e0000000,0x00000000e29ec1d0,0x00000000eab00000)
 Metaspace       used 49624K, capacity 51770K, committed 51968K, reserved 1093632K
  class space    used 6911K, capacity 7350K, committed 7424K, reserved 1048576K
}
Event: 1961.341 GC heap before
{Heap before GC invocations=13 (full 2):
 PSYoungGen      total 138752K, used 138740K [0x00000000f5580000, 0x0000000100000000, 0x0000000100000000)
  eden space 126464K, 100% used [0x00000000f5580000,0x00000000fd100000,0x00000000fd100000)
  from space 12288K, 99% used [0x00000000ff400000,0x00000000ffffd0e0,0x0000000100000000)
  to   space 24064K, 0% used [0x00000000fd100000,0x00000000fd100000,0x00000000fe880000)
 ParOldGen       total 175104K, used 42928K [0x00000000e0000000, 0x00000000eab00000, 0x00000000f5580000)
  object space 175104K, 24% used [0x00000000e0000000,0x00000000e29ec1d0,0x00000000eab00000)
 Metaspace       used 50828K, capacity 52998K, committed 53248K, reserved 1095680K
  class space    used 6960K, capacity 7406K, committed 7424K, reserved 1048576K
Event: 1961.406 GC heap after
Heap after GC invocations=13 (full 2):
 PSYoungGen      total 133120K, used 9619K [0x00000000f5580000, 0x00000000ffc00000, 0x0000000100000000)
  eden space 123392K, 0% used [0x00000000f5580000,0x00000000f5580000,0x00000000fce00000)
  from space 9728K, 98% used [0x00000000fd100000,0x00000000fda64e50,0x00000000fda80000)
  to   space 23552K, 0% used [0x00000000fe500000,0x00000000fe500000,0x00000000ffc00000)
 ParOldGen       total 175104K, used 54288K [0x00000000e0000000, 0x00000000eab00000, 0x00000000f5580000)
  object space 175104K, 31% used [0x00000000e0000000,0x00000000e3504270,0x00000000eab00000)
 Metaspace       used 50828K, capacity 52998K, committed 53248K, reserved 1095680K
  class space    used 6960K, capacity 7406K, committed 7424K, reserved 1048576K
}
Event: 2855.040 GC heap before
{Heap before GC invocations=14 (full 2):
 PSYoungGen      total 133120K, used 133011K [0x00000000f5580000, 0x00000000ffc00000, 0x0000000100000000)
  eden space 123392K, 100% used [0x00000000f5580000,0x00000000fce00000,0x00000000fce00000)
  from space 9728K, 98% used [0x00000000fd100000,0x00000000fda64e50,0x00000000fda80000)
  to   space 23552K, 0% used [0x00000000fe500000,0x00000000fe500000,0x00000000ffc00000)
 ParOldGen       total 175104K, used 54288K [0x00000000e0000000, 0x00000000eab00000, 0x00000000f5580000)
  object space 175104K, 31% used [0x00000000e0000000,0x00000000e3504270,0x00000000eab00000)
 Metaspace       used 52053K, capacity 55318K, committed 55424K, reserved 1097728K
  class space    used 7128K, capacity 7706K, committed 7808K, reserved 1048576K
Event: 2855.073 GC heap after
Heap after GC invocations=14 (full 2):
 PSYoungGen      total 138752K, used 10318K [0x00000000f5580000, 0x00000000ff700000, 0x0000000100000000)
  eden space 120320K, 0% used [0x00000000f5580000,0x00000000f5580000,0x00000000fcb00000)
  from space 18432K, 55% used [0x00000000fe500000,0x00000000fef13a00,0x00000000ff700000)
  to   space 22528K, 0% used [0x00000000fcb00000,0x00000000fcb00000,0x00000000fe100000)
 ParOldGen       total 175104K, used 54296K [0x00000000e0000000, 0x00000000eab00000, 0x00000000f5580000)
  object space 175104K, 31% used [0x00000000e0000000,0x00000000e3506270,0x00000000eab00000)
 Metaspace       used 52053K, capacity 55318K, committed 55424K, reserved 1097728K
  class space    used 7128K, capacity 7706K, committed 7808K, reserved 1048576K
}

