# JRE version: Java(TM) SE Runtime Environment (8.0_251-b08) (build 1.8.0_251-b08)
# Java VM: Java HotSpot(TM) 64-Bit Server VM (25.251-b08 mixed mode windows-amd64 compressed oops)
Heap:
 PSYoungGen      total 76288K, used 42426K [0x00000000f5580000, 0x00000000faa80000, 0x0000000100000000)
  eden space 65536K, 64% used [0x00000000f5580000,0x00000000f7eee9a8,0x00000000f9580000)
  from space 10752K, 0% used [0x00000000fa000000,0x00000000fa000000,0x00000000faa80000)
  to   space 10752K, 0% used [0x00000000f9580000,0x00000000f9580000,0x00000000fa000000)
 ParOldGen       total 175104K, used 11398K [0x00000000e0000000, 0x00000000eab00000, 0x00000000f5580000)
  object space 175104K, 6% used [0x00000000e0000000,0x00000000e0b21818,0x00000000eab00000)
 Metaspace       used 33882K, capacity 35292K, committed 35712K, reserved 1091584K
  class space    used 4853K, capacity 5150K, committed 5248K, reserved 1048576K
GC Heap History (10 events):
Event: 9.380 GC heap before
{Heap before GC invocations=8 (full 2):
 PSYoungGen      total 76288K, used 4047K [0x00000000f5580000, 0x00000000faa80000, 0x0000000100000000)
  eden space 65536K, 0% used [0x00000000f5580000,0x00000000f5580000,0x00000000f9580000)
  from space 10752K, 37% used [0x00000000fa000000,0x00000000fa3f3ec8,0x00000000faa80000)
  to   space 10752K, 0% used [0x00000000f9580000,0x00000000f9580000,0x00000000fa000000)
 ParOldGen       total 175104K, used 9649K [0x00000000e0000000, 0x00000000eab00000, 0x00000000f5580000)
  object space 175104K, 5% used [0x00000000e0000000,0x00000000e096c4e8,0x00000000eab00000)
 Metaspace       used 26424K, capacity 27688K, committed 27904K, reserved 1079296K
  class space    used 3975K, capacity 4264K, committed 4352K, reserved 1048576K
Event: 9.436 GC heap after
Heap after GC invocations=8 (full 2):
 PSYoungGen      total 76288K, used 0K [0x00000000f5580000, 0x00000000faa80000, 0x0000000100000000)
  eden space 65536K, 0% used [0x00000000f5580000,0x00000000f5580000,0x00000000f9580000)
  from space 10752K, 0% used [0x00000000fa000000,0x00000000fa000000,0x00000000faa80000)
  to   space 10752K, 0% used [0x00000000f9580000,0x00000000f9580000,0x00000000fa000000)
 ParOldGen       total 175104K, used 11357K [0x00000000e0000000, 0x00000000eab00000, 0x00000000f5580000)
  object space 175104K, 6% used [0x00000000e0000000,0x00000000e0b17560,0x00000000eab00000)
 Metaspace       used 26418K, capacity 27670K, committed 27904K, reserved 1077248K
  class space    used 3973K, capacity 4261K, committed 4352K, reserved 1048576K
}
Event: 9.722 GC heap before
{Heap before GC invocations=9 (full 2):
 PSYoungGen      total 76288K, used 10157K [0x00000000f5580000, 0x00000000faa80000, 0x0000000100000000)
  eden space 65536K, 15% used [0x00000000f5580000,0x00000000f5f6b590,0x00000000f9580000)
  from space 10752K, 0% used [0x00000000fa000000,0x00000000fa000000,0x00000000faa80000)
  to   space 10752K, 0% used [0x00000000f9580000,0x00000000f9580000,0x00000000fa000000)
 ParOldGen       total 175104K, used 11357K [0x00000000e0000000, 0x00000000eab00000, 0x00000000f5580000)
  object space 175104K, 6% used [0x00000000e0000000,0x00000000e0b17560,0x00000000eab00000)
 Metaspace       used 27522K, capacity 28842K, committed 29056K, reserved 1085440K
  class space    used 4135K, capacity 4408K, committed 4480K, reserved 1048576K
Event: 9.726 GC heap after
Heap after GC invocations=9 (full 2):
 PSYoungGen      total 76288K, used 1139K [0x00000000f5580000, 0x00000000faa80000, 0x0000000100000000)
  eden space 65536K, 0% used [0x00000000f5580000,0x00000000f5580000,0x00000000f9580000)
  from space 10752K, 10% used [0x00000000f9580000,0x00000000f969ce90,0x00000000fa000000)
  to   space 10752K, 0% used [0x00000000fa000000,0x00000000fa000000,0x00000000faa80000)
 ParOldGen       total 175104K, used 11357K [0x00000000e0000000, 0x00000000eab00000, 0x00000000f5580000)
  object space 175104K, 6% used [0x00000000e0000000,0x00000000e0b17560,0x00000000eab00000)
 Metaspace       used 27522K, capacity 28842K, committed 29056K, reserved 1085440K
  class space    used 4135K, capacity 4408K, committed 4480K, reserved 1048576K
}
Event: 9.726 GC heap before
{Heap before GC invocations=10 (full 3):
 PSYoungGen      total 76288K, used 1139K [0x00000000f5580000, 0x00000000faa80000, 0x0000000100000000)
  eden space 65536K, 0% used [0x00000000f5580000,0x00000000f5580000,0x00000000f9580000)
  from space 10752K, 10% used [0x00000000f9580000,0x00000000f969ce90,0x00000000fa000000)
  to   space 10752K, 0% used [0x00000000fa000000,0x00000000fa000000,0x00000000faa80000)
 ParOldGen       total 175104K, used 11357K [0x00000000e0000000, 0x00000000eab00000, 0x00000000f5580000)
  object space 175104K, 6% used [0x00000000e0000000,0x00000000e0b17560,0x00000000eab00000)
 Metaspace       used 27522K, capacity 28842K, committed 29056K, reserved 1085440K
  class space    used 4135K, capacity 4408K, committed 4480K, reserved 1048576K
Event: 9.925 GC heap after
Heap after GC invocations=10 (full 3):
 PSYoungGen      total 76288K, used 0K [0x00000000f5580000, 0x00000000faa80000, 0x0000000100000000)
  eden space 65536K, 0% used [0x00000000f5580000,0x00000000f5580000,0x00000000f9580000)
  from space 10752K, 0% used [0x00000000f9580000,0x00000000f9580000,0x00000000fa000000)
  to   space 10752K, 0% used [0x00000000fa000000,0x00000000fa000000,0x00000000faa80000)
 ParOldGen       total 175104K, used 10441K [0x00000000e0000000, 0x00000000eab00000, 0x00000000f5580000)
  object space 175104K, 5% used [0x00000000e0000000,0x00000000e0a327a8,0x00000000eab00000)
 Metaspace       used 27522K, capacity 28842K, committed 29056K, reserved 1081344K
  class space    used 4135K, capacity 4408K, committed 4480K, reserved 1048576K
}
Event: 10.200 GC heap before
{Heap before GC invocations=11 (full 3):
 PSYoungGen      total 76288K, used 8104K [0x00000000f5580000, 0x00000000faa80000, 0x0000000100000000)
  eden space 65536K, 12% used [0x00000000f5580000,0x00000000f5d6a188,0x00000000f9580000)
  from space 10752K, 0% used [0x00000000f9580000,0x00000000f9580000,0x00000000fa000000)
  to   space 10752K, 0% used [0x00000000fa000000,0x00000000fa000000,0x00000000faa80000)
 ParOldGen       total 175104K, used 10441K [0x00000000e0000000, 0x00000000eab00000, 0x00000000f5580000)
  object space 175104K, 5% used [0x00000000e0000000,0x00000000e0a327a8,0x00000000eab00000)
 Metaspace       used 28655K, capacity 29962K, committed 30208K, reserved 1089536K
  class space    used 4287K, capacity 4563K, committed 4608K, reserved 1048576K
Event: 10.204 GC heap after
Heap after GC invocations=11 (full 3):
 PSYoungGen      total 76288K, used 1777K [0x00000000f5580000, 0x00000000faa80000, 0x0000000100000000)
  eden space 65536K, 0% used [0x00000000f5580000,0x00000000f5580000,0x00000000f9580000)
  from space 10752K, 16% used [0x00000000fa000000,0x00000000fa1bc4c8,0x00000000faa80000)
  to   space 10752K, 0% used [0x00000000f9580000,0x00000000f9580000,0x00000000fa000000)
 ParOldGen       total 175104K, used 10441K [0x00000000e0000000, 0x00000000eab00000, 0x00000000f5580000)
  object space 175104K, 5% used [0x00000000e0000000,0x00000000e0a327a8,0x00000000eab00000)
 Metaspace       used 28655K, capacity 29962K, committed 30208K, reserved 1089536K
  class space    used 4287K, capacity 4563K, committed 4608K, reserved 1048576K
}
Event: 10.204 GC heap before
{Heap before GC invocations=12 (full 4):
 PSYoungGen      total 76288K, used 1777K [0x00000000f5580000, 0x00000000faa80000, 0x0000000100000000)
  eden space 65536K, 0% used [0x00000000f5580000,0x00000000f5580000,0x00000000f9580000)
  from space 10752K, 16% used [0x00000000fa000000,0x00000000fa1bc4c8,0x00000000faa80000)
  to   space 10752K, 0% used [0x00000000f9580000,0x00000000f9580000,0x00000000fa000000)
 ParOldGen       total 175104K, used 10441K [0x00000000e0000000, 0x00000000eab00000, 0x00000000f5580000)
  object space 175104K, 5% used [0x00000000e0000000,0x00000000e0a327a8,0x00000000eab00000)
 Metaspace       used 28655K, capacity 29962K, committed 30208K, reserved 1089536K
  class space    used 4287K, capacity 4563K, committed 4608K, reserved 1048576K
Event: 10.261 GC heap after
Heap after GC invocations=12 (full 4):
 PSYoungGen      total 76288K, used 0K [0x00000000f5580000, 0x00000000faa80000, 0x0000000100000000)
  eden space 65536K, 0% used [0x00000000f5580000,0x00000000f5580000,0x00000000f9580000)
  from space 10752K, 0% used [0x00000000fa000000,0x00000000fa000000,0x00000000faa80000)
  to   space 10752K, 0% used [0x00000000f9580000,0x00000000f9580000,0x00000000fa000000)
 ParOldGen       total 175104K, used 11398K [0x00000000e0000000, 0x00000000eab00000, 0x00000000f5580000)
  object space 175104K, 6% used [0x00000000e0000000,0x00000000e0b21818,0x00000000eab00000)
 Metaspace       used 28655K, capacity 29962K, committed 30208K, reserved 1087488K
  class space    used 4287K, capacity 4563K, committed 4608K, reserved 1048576K
}

