# JRE version: Java(TM) SE Runtime Environment (8.0_251-b08) (build 1.8.0_251-b08)
# Java VM: Java HotSpot(TM) 64-Bit Server VM (25.251-b08 mixed mode windows-amd64 compressed oops)
Heap:
 PSYoungGen      total 166400K, used 147286K [0x00000000f5580000, 0x00000000fff80000, 0x0000000100000000)
  eden space 159232K, 92% used [0x00000000f5580000,0x00000000fe4e1078,0x00000000ff100000)
  from space 7168K, 6% used [0x00000000ff800000,0x00000000ff874900,0x00000000fff00000)
  to   space 7168K, 0% used [0x00000000ff100000,0x00000000ff100000,0x00000000ff800000)
 ParOldGen       total 243200K, used 40768K [0x00000000e0000000, 0x00000000eed80000, 0x00000000f5580000)
  object space 243200K, 16% used [0x00000000e0000000,0x00000000e27d0338,0x00000000eed80000)
 Metaspace       used 59110K, capacity 62216K, committed 62336K, reserved 1103872K
  class space    used 8143K, capacity 8757K, committed 8832K, reserved 1048576K
GC Heap History (10 events):
Event: 290.434 GC heap before
{Heap before GC invocations=133 (full 3):
 PSYoungGen      total 164352K, used 155552K [0x00000000f5580000, 0x00000000fff80000, 0x0000000100000000)
  eden space 155136K, 100% used [0x00000000f5580000,0x00000000fed00000,0x00000000fed00000)
  from space 9216K, 4% used [0x00000000fed00000,0x00000000fed68020,0x00000000ff600000)
  to   space 8704K, 0% used [0x00000000ff700000,0x00000000ff700000,0x00000000fff80000)
 ParOldGen       total 243200K, used 39713K [0x00000000e0000000, 0x00000000eed80000, 0x00000000f5580000)
  object space 243200K, 16% used [0x00000000e0000000,0x00000000e26c84c0,0x00000000eed80000)
 Metaspace       used 56044K, capacity 58894K, committed 59160K, reserved 1099776K
  class space    used 7637K, capacity 8203K, committed 8320K, reserved 1048576K
Event: 290.439 GC heap after
Heap after GC invocations=133 (full 3):
 PSYoungGen      total 165376K, used 576K [0x00000000f5580000, 0x00000000fff80000, 0x0000000100000000)
  eden space 156672K, 0% used [0x00000000f5580000,0x00000000f5580000,0x00000000fee80000)
  from space 8704K, 6% used [0x00000000ff700000,0x00000000ff790000,0x00000000fff80000)
  to   space 8704K, 0% used [0x00000000fee80000,0x00000000fee80000,0x00000000ff700000)
 ParOldGen       total 243200K, used 39913K [0x00000000e0000000, 0x00000000eed80000, 0x00000000f5580000)
  object space 243200K, 16% used [0x00000000e0000000,0x00000000e26fa4d0,0x00000000eed80000)
 Metaspace       used 56044K, capacity 58894K, committed 59160K, reserved 1099776K
  class space    used 7637K, capacity 8203K, committed 8320K, reserved 1048576K
}
Event: 290.581 GC heap before
{Heap before GC invocations=134 (full 3):
 PSYoungGen      total 165376K, used 157248K [0x00000000f5580000, 0x00000000fff80000, 0x0000000100000000)
  eden space 156672K, 100% used [0x00000000f5580000,0x00000000fee80000,0x00000000fee80000)
  from space 8704K, 6% used [0x00000000ff700000,0x00000000ff790000,0x00000000fff80000)
  to   space 8704K, 0% used [0x00000000fee80000,0x00000000fee80000,0x00000000ff700000)
 ParOldGen       total 243200K, used 39913K [0x00000000e0000000, 0x00000000eed80000, 0x00000000f5580000)
  object space 243200K, 16% used [0x00000000e0000000,0x00000000e26fa4d0,0x00000000eed80000)
 Metaspace       used 56044K, capacity 58894K, committed 59160K, reserved 1099776K
  class space    used 7637K, capacity 8203K, committed 8320K, reserved 1048576K
Event: 290.584 GC heap after
Heap after GC invocations=134 (full 3):
 PSYoungGen      total 165376K, used 512K [0x00000000f5580000, 0x00000000fff00000, 0x0000000100000000)
  eden space 156672K, 0% used [0x00000000f5580000,0x00000000f5580000,0x00000000fee80000)
  from space 8704K, 5% used [0x00000000fee80000,0x00000000fef00000,0x00000000ff700000)
  to   space 8192K, 0% used [0x00000000ff700000,0x00000000ff700000,0x00000000fff00000)
 ParOldGen       total 243200K, used 40201K [0x00000000e0000000, 0x00000000eed80000, 0x00000000f5580000)
  object space 243200K, 16% used [0x00000000e0000000,0x00000000e2742510,0x00000000eed80000)
 Metaspace       used 56044K, capacity 58894K, committed 59160K, reserved 1099776K
  class space    used 7637K, capacity 8203K, committed 8320K, reserved 1048576K
}
Event: 290.713 GC heap before
{Heap before GC invocations=135 (full 3):
 PSYoungGen      total 165376K, used 157184K [0x00000000f5580000, 0x00000000fff00000, 0x0000000100000000)
  eden space 156672K, 100% used [0x00000000f5580000,0x00000000fee80000,0x00000000fee80000)
  from space 8704K, 5% used [0x00000000fee80000,0x00000000fef00000,0x00000000ff700000)
  to   space 8192K, 0% used [0x00000000ff700000,0x00000000ff700000,0x00000000fff00000)
 ParOldGen       total 243200K, used 40201K [0x00000000e0000000, 0x00000000eed80000, 0x00000000f5580000)
  object space 243200K, 16% used [0x00000000e0000000,0x00000000e2742510,0x00000000eed80000)
 Metaspace       used 56045K, capacity 58894K, committed 59160K, reserved 1099776K
  class space    used 7637K, capacity 8203K, committed 8320K, reserved 1048576K
Event: 290.717 GC heap after
Heap after GC invocations=135 (full 3):
 PSYoungGen      total 165376K, used 320K [0x00000000f5580000, 0x00000000ffe80000, 0x0000000100000000)
  eden space 157696K, 0% used [0x00000000f5580000,0x00000000f5580000,0x00000000fef80000)
  from space 7680K, 4% used [0x00000000ff700000,0x00000000ff750000,0x00000000ffe80000)
  to   space 7680K, 0% used [0x00000000fef80000,0x00000000fef80000,0x00000000ff700000)
 ParOldGen       total 243200K, used 40441K [0x00000000e0000000, 0x00000000eed80000, 0x00000000f5580000)
  object space 243200K, 16% used [0x00000000e0000000,0x00000000e277e530,0x00000000eed80000)
 Metaspace       used 56045K, capacity 58894K, committed 59160K, reserved 1099776K
  class space    used 7637K, capacity 8203K, committed 8320K, reserved 1048576K
}
Event: 290.886 GC heap before
{Heap before GC invocations=136 (full 3):
 PSYoungGen      total 165376K, used 158016K [0x00000000f5580000, 0x00000000ffe80000, 0x0000000100000000)
  eden space 157696K, 100% used [0x00000000f5580000,0x00000000fef80000,0x00000000fef80000)
  from space 7680K, 4% used [0x00000000ff700000,0x00000000ff750000,0x00000000ffe80000)
  to   space 7680K, 0% used [0x00000000fef80000,0x00000000fef80000,0x00000000ff700000)
 ParOldGen       total 243200K, used 40441K [0x00000000e0000000, 0x00000000eed80000, 0x00000000f5580000)
  object space 243200K, 16% used [0x00000000e0000000,0x00000000e277e740,0x00000000eed80000)
 Metaspace       used 56049K, capacity 58894K, committed 59160K, reserved 1099776K
  class space    used 7637K, capacity 8203K, committed 8320K, reserved 1048576K
Event: 290.889 GC heap after
Heap after GC invocations=136 (full 3):
 PSYoungGen      total 165376K, used 448K [0x00000000f5580000, 0x00000000fff00000, 0x0000000100000000)
  eden space 157696K, 0% used [0x00000000f5580000,0x00000000f5580000,0x00000000fef80000)
  from space 7680K, 5% used [0x00000000fef80000,0x00000000feff0000,0x00000000ff700000)
  to   space 7168K, 0% used [0x00000000ff800000,0x00000000ff800000,0x00000000fff00000)
 ParOldGen       total 243200K, used 40665K [0x00000000e0000000, 0x00000000eed80000, 0x00000000f5580000)
  object space 243200K, 16% used [0x00000000e0000000,0x00000000e27b6740,0x00000000eed80000)
 Metaspace       used 56049K, capacity 58894K, committed 59160K, reserved 1099776K
  class space    used 7637K, capacity 8203K, committed 8320K, reserved 1048576K
}
Event: 291.070 GC heap before
{Heap before GC invocations=137 (full 3):
 PSYoungGen      total 165376K, used 158144K [0x00000000f5580000, 0x00000000fff00000, 0x0000000100000000)
  eden space 157696K, 100% used [0x00000000f5580000,0x00000000fef80000,0x00000000fef80000)
  from space 7680K, 5% used [0x00000000fef80000,0x00000000feff0000,0x00000000ff700000)
  to   space 7168K, 0% used [0x00000000ff800000,0x00000000ff800000,0x00000000fff00000)
 ParOldGen       total 243200K, used 40672K [0x00000000e0000000, 0x00000000eed80000, 0x00000000f5580000)
  object space 243200K, 16% used [0x00000000e0000000,0x00000000e27b8328,0x00000000eed80000)
 Metaspace       used 56056K, capacity 58894K, committed 59160K, reserved 1099776K
  class space    used 7637K, capacity 8203K, committed 8320K, reserved 1048576K
Event: 291.074 GC heap after
Heap after GC invocations=137 (full 3):
 PSYoungGen      total 166400K, used 466K [0x00000000f5580000, 0x00000000fff80000, 0x0000000100000000)
  eden space 159232K, 0% used [0x00000000f5580000,0x00000000f5580000,0x00000000ff100000)
  from space 7168K, 6% used [0x00000000ff800000,0x00000000ff874900,0x00000000fff00000)
  to   space 7168K, 0% used [0x00000000ff100000,0x00000000ff100000,0x00000000ff800000)
 ParOldGen       total 243200K, used 40768K [0x00000000e0000000, 0x00000000eed80000, 0x00000000f5580000)
  object space 243200K, 16% used [0x00000000e0000000,0x00000000e27d0338,0x00000000eed80000)
 Metaspace       used 56056K, capacity 58894K, committed 59160K, reserved 1099776K
  class space    used 7637K, capacity 8203K, committed 8320K, reserved 1048576K
}

