# JRE version: Java(TM) SE Runtime Environment (8.0_251-b08) (build 1.8.0_251-b08)
# Java VM: Java HotSpot(TM) 64-Bit Server VM (25.251-b08 mixed mode windows-amd64 compressed oops)
Heap:
 PSYoungGen      total 76288K, used 24279K [0x00000000f5580000, 0x00000000faa80000, 0x0000000100000000)
  eden space 65536K, 22% used [0x00000000f5580000,0x00000000f63f3700,0x00000000f9580000)
  from space 10752K, 88% used [0x00000000fa000000,0x00000000fa942880,0x00000000faa80000)
  to   space 10752K, 0% used [0x00000000f9580000,0x00000000f9580000,0x00000000fa000000)
 ParOldGen       total 175104K, used 9618K [0x00000000e0000000, 0x00000000eab00000, 0x00000000f5580000)
  object space 175104K, 5% used [0x00000000e0000000,0x00000000e0964ba0,0x00000000eab00000)
 Metaspace       used 33525K, capacity 34990K, committed 35072K, reserved 1079296K
  class space    used 4790K, capacity 5112K, committed 5120K, reserved 1048576K
GC Heap History (10 events):
Event: 6.142 GC heap before
{Heap before GC invocations=3 (full 0):
 PSYoungGen      total 76288K, used 74735K [0x00000000f5580000, 0x00000000faa80000, 0x0000000100000000)
  eden space 65536K, 100% used [0x00000000f5580000,0x00000000f9580000,0x00000000f9580000)
  from space 10752K, 85% used [0x00000000fa000000,0x00000000fa8fbc50,0x00000000faa80000)
  to   space 10752K, 0% used [0x00000000f9580000,0x00000000f9580000,0x00000000fa000000)
 ParOldGen       total 175104K, used 24K [0x00000000e0000000, 0x00000000eab00000, 0x00000000f5580000)
  object space 175104K, 0% used [0x00000000e0000000,0x00000000e0006000,0x00000000eab00000)
 Metaspace       used 18182K, capacity 18810K, committed 18944K, reserved 1064960K
  class space    used 2616K, capacity 2807K, committed 2816K, reserved 1048576K
Event: 6.172 GC heap after
Heap after GC invocations=3 (full 0):
 PSYoungGen      total 76288K, used 10500K [0x00000000f5580000, 0x00000000faa80000, 0x0000000100000000)
  eden space 65536K, 0% used [0x00000000f5580000,0x00000000f5580000,0x00000000f9580000)
  from space 10752K, 97% used [0x00000000f9580000,0x00000000f9fc1118,0x00000000fa000000)
  to   space 10752K, 0% used [0x00000000fa000000,0x00000000fa000000,0x00000000faa80000)
 ParOldGen       total 175104K, used 32K [0x00000000e0000000, 0x00000000eab00000, 0x00000000f5580000)
  object space 175104K, 0% used [0x00000000e0000000,0x00000000e0008000,0x00000000eab00000)
 Metaspace       used 18182K, capacity 18810K, committed 18944K, reserved 1064960K
  class space    used 2616K, capacity 2807K, committed 2816K, reserved 1048576K
}
Event: 6.872 GC heap before
{Heap before GC invocations=4 (full 0):
 PSYoungGen      total 76288K, used 48430K [0x00000000f5580000, 0x00000000faa80000, 0x0000000100000000)
  eden space 65536K, 57% used [0x00000000f5580000,0x00000000f7a8a778,0x00000000f9580000)
  from space 10752K, 97% used [0x00000000f9580000,0x00000000f9fc1118,0x00000000fa000000)
  to   space 10752K, 0% used [0x00000000fa000000,0x00000000fa000000,0x00000000faa80000)
 ParOldGen       total 175104K, used 32K [0x00000000e0000000, 0x00000000eab00000, 0x00000000f5580000)
  object space 175104K, 0% used [0x00000000e0000000,0x00000000e0008000,0x00000000eab00000)
 Metaspace       used 20555K, capacity 21284K, committed 21296K, reserved 1067008K
  class space    used 2986K, capacity 3196K, committed 3200K, reserved 1048576K
Event: 6.885 GC heap after
Heap after GC invocations=4 (full 0):
 PSYoungGen      total 76288K, used 9826K [0x00000000f5580000, 0x00000000faa80000, 0x0000000100000000)
  eden space 65536K, 0% used [0x00000000f5580000,0x00000000f5580000,0x00000000f9580000)
  from space 10752K, 91% used [0x00000000fa000000,0x00000000fa998b90,0x00000000faa80000)
  to   space 10752K, 0% used [0x00000000f9580000,0x00000000f9580000,0x00000000fa000000)
 ParOldGen       total 175104K, used 40K [0x00000000e0000000, 0x00000000eab00000, 0x00000000f5580000)
  object space 175104K, 0% used [0x00000000e0000000,0x00000000e000a000,0x00000000eab00000)
 Metaspace       used 20555K, capacity 21284K, committed 21296K, reserved 1067008K
  class space    used 2986K, capacity 3196K, committed 3200K, reserved 1048576K
}
Event: 6.885 GC heap before
{Heap before GC invocations=5 (full 1):
 PSYoungGen      total 76288K, used 9826K [0x00000000f5580000, 0x00000000faa80000, 0x0000000100000000)
  eden space 65536K, 0% used [0x00000000f5580000,0x00000000f5580000,0x00000000f9580000)
  from space 10752K, 91% used [0x00000000fa000000,0x00000000fa998b90,0x00000000faa80000)
  to   space 10752K, 0% used [0x00000000f9580000,0x00000000f9580000,0x00000000fa000000)
 ParOldGen       total 175104K, used 40K [0x00000000e0000000, 0x00000000eab00000, 0x00000000f5580000)
  object space 175104K, 0% used [0x00000000e0000000,0x00000000e000a000,0x00000000eab00000)
 Metaspace       used 20555K, capacity 21284K, committed 21296K, reserved 1067008K
  class space    used 2986K, capacity 3196K, committed 3200K, reserved 1048576K
Event: 6.965 GC heap after
Heap after GC invocations=5 (full 1):
 PSYoungGen      total 76288K, used 0K [0x00000000f5580000, 0x00000000faa80000, 0x0000000100000000)
  eden space 65536K, 0% used [0x00000000f5580000,0x00000000f5580000,0x00000000f9580000)
  from space 10752K, 0% used [0x00000000fa000000,0x00000000fa000000,0x00000000faa80000)
  to   space 10752K, 0% used [0x00000000f9580000,0x00000000f9580000,0x00000000fa000000)
 ParOldGen       total 175104K, used 9602K [0x00000000e0000000, 0x00000000eab00000, 0x00000000f5580000)
  object space 175104K, 5% used [0x00000000e0000000,0x00000000e0960ba0,0x00000000eab00000)
 Metaspace       used 20555K, capacity 21284K, committed 21296K, reserved 1067008K
  class space    used 2986K, capacity 3196K, committed 3200K, reserved 1048576K
}
Event: 8.282 GC heap before
{Heap before GC invocations=6 (full 1):
 PSYoungGen      total 76288K, used 65536K [0x00000000f5580000, 0x00000000faa80000, 0x0000000100000000)
  eden space 65536K, 100% used [0x00000000f5580000,0x00000000f9580000,0x00000000f9580000)
  from space 10752K, 0% used [0x00000000fa000000,0x00000000fa000000,0x00000000faa80000)
  to   space 10752K, 0% used [0x00000000f9580000,0x00000000f9580000,0x00000000fa000000)
 ParOldGen       total 175104K, used 9602K [0x00000000e0000000, 0x00000000eab00000, 0x00000000f5580000)
  object space 175104K, 5% used [0x00000000e0000000,0x00000000e0960ba0,0x00000000eab00000)
 Metaspace       used 24465K, capacity 25690K, committed 25984K, reserved 1071104K
  class space    used 3643K, capacity 3909K, committed 3968K, reserved 1048576K
Event: 8.290 GC heap after
Heap after GC invocations=6 (full 1):
 PSYoungGen      total 76288K, used 4975K [0x00000000f5580000, 0x00000000faa80000, 0x0000000100000000)
  eden space 65536K, 0% used [0x00000000f5580000,0x00000000f5580000,0x00000000f9580000)
  from space 10752K, 46% used [0x00000000f9580000,0x00000000f9a5bea0,0x00000000fa000000)
  to   space 10752K, 0% used [0x00000000fa000000,0x00000000fa000000,0x00000000faa80000)
 ParOldGen       total 175104K, used 9610K [0x00000000e0000000, 0x00000000eab00000, 0x00000000f5580000)
  object space 175104K, 5% used [0x00000000e0000000,0x00000000e0962ba0,0x00000000eab00000)
 Metaspace       used 24465K, capacity 25690K, committed 25984K, reserved 1071104K
  class space    used 3643K, capacity 3909K, committed 3968K, reserved 1048576K
}
Event: 9.841 GC heap before
{Heap before GC invocations=7 (full 1):
 PSYoungGen      total 76288K, used 70511K [0x00000000f5580000, 0x00000000faa80000, 0x0000000100000000)
  eden space 65536K, 100% used [0x00000000f5580000,0x00000000f9580000,0x00000000f9580000)
  from space 10752K, 46% used [0x00000000f9580000,0x00000000f9a5bea0,0x00000000fa000000)
  to   space 10752K, 0% used [0x00000000fa000000,0x00000000fa000000,0x00000000faa80000)
 ParOldGen       total 175104K, used 9610K [0x00000000e0000000, 0x00000000eab00000, 0x00000000f5580000)
  object space 175104K, 5% used [0x00000000e0000000,0x00000000e0962ba0,0x00000000eab00000)
 Metaspace       used 32175K, capacity 33636K, committed 33792K, reserved 1077248K
  class space    used 4696K, capacity 5006K, committed 5120K, reserved 1048576K
Event: 9.854 GC heap after
Heap after GC invocations=7 (full 1):
 PSYoungGen      total 76288K, used 9482K [0x00000000f5580000, 0x00000000faa80000, 0x0000000100000000)
  eden space 65536K, 0% used [0x00000000f5580000,0x00000000f5580000,0x00000000f9580000)
  from space 10752K, 88% used [0x00000000fa000000,0x00000000fa942880,0x00000000faa80000)
  to   space 10752K, 0% used [0x00000000f9580000,0x00000000f9580000,0x00000000fa000000)
 ParOldGen       total 175104K, used 9618K [0x00000000e0000000, 0x00000000eab00000, 0x00000000f5580000)
  object space 175104K, 5% used [0x00000000e0000000,0x00000000e0964ba0,0x00000000eab00000)
 Metaspace       used 32175K, capacity 33636K, committed 33792K, reserved 1077248K
  class space    used 4696K, capacity 5006K, committed 5120K, reserved 1048576K
}

