# JRE version: Java(TM) SE Runtime Environment (8.0_251-b08) (build 1.8.0_251-b08)
# Java VM: Java HotSpot(TM) 64-Bit Server VM (25.251-b08 mixed mode windows-amd64 compressed oops)
Heap:
 PSYoungGen      total 118784K, used 14257K [0x00000000d5f80000, 0x00000000ddd80000, 0x0000000100000000)
  eden space 110592K, 5% used [0x00000000d5f80000,0x00000000d656ed10,0x00000000dcb80000)
  from space 8192K, 99% used [0x00000000dd380000,0x00000000ddb7d9d0,0x00000000ddb80000)
  to   space 8192K, 0% used [0x00000000dcb80000,0x00000000dcb80000,0x00000000dd380000)
 ParOldGen       total 79872K, used 19579K [0x0000000081e00000, 0x0000000086c00000, 0x00000000d5f80000)
  object space 79872K, 24% used [0x0000000081e00000,0x000000008311ecd0,0x0000000086c00000)
 Metaspace       used 42907K, capacity 45267K, committed 45696K, reserved 1089536K
  class space    used 5979K, capacity 6414K, committed 6528K, reserved 1048576K
GC Heap History (10 events):
Event: 17.276 GC heap before
{Heap before GC invocations=8 (full 1):
 PSYoungGen      total 74752K, used 66560K [0x00000000d5f80000, 0x00000000db080000, 0x0000000100000000)
  eden space 66560K, 100% used [0x00000000d5f80000,0x00000000da080000,0x00000000da080000)
  from space 8192K, 0% used [0x00000000da880000,0x00000000da880000,0x00000000db080000)
  to   space 8192K, 0% used [0x00000000da080000,0x00000000da080000,0x00000000da880000)
 ParOldGen       total 53760K, used 7534K [0x0000000081e00000, 0x0000000085280000, 0x00000000d5f80000)
  object space 53760K, 14% used [0x0000000081e00000,0x000000008255b950,0x0000000085280000)
 Metaspace       used 23837K, capacity 25299K, committed 25344K, reserved 1071104K
  class space    used 3257K, capacity 3578K, committed 3584K, reserved 1048576K
Event: 17.290 GC heap after
Heap after GC invocations=8 (full 1):
 PSYoungGen      total 74752K, used 6082K [0x00000000d5f80000, 0x00000000ddb80000, 0x0000000100000000)
  eden space 66560K, 0% used [0x00000000d5f80000,0x00000000d5f80000,0x00000000da080000)
  from space 8192K, 74% used [0x00000000da080000,0x00000000da670990,0x00000000da880000)
  to   space 8192K, 0% used [0x00000000dd380000,0x00000000dd380000,0x00000000ddb80000)
 ParOldGen       total 53760K, used 7542K [0x0000000081e00000, 0x0000000085280000, 0x00000000d5f80000)
  object space 53760K, 14% used [0x0000000081e00000,0x000000008255d950,0x0000000085280000)
 Metaspace       used 23837K, capacity 25299K, committed 25344K, reserved 1071104K
  class space    used 3257K, capacity 3578K, committed 3584K, reserved 1048576K
}
Event: 19.354 GC heap before
{Heap before GC invocations=9 (full 1):
 PSYoungGen      total 74752K, used 72642K [0x00000000d5f80000, 0x00000000ddb80000, 0x0000000100000000)
  eden space 66560K, 100% used [0x00000000d5f80000,0x00000000da080000,0x00000000da080000)
  from space 8192K, 74% used [0x00000000da080000,0x00000000da670990,0x00000000da880000)
  to   space 8192K, 0% used [0x00000000dd380000,0x00000000dd380000,0x00000000ddb80000)
 ParOldGen       total 53760K, used 7542K [0x0000000081e00000, 0x0000000085280000, 0x00000000d5f80000)
  object space 53760K, 14% used [0x0000000081e00000,0x000000008255d950,0x0000000085280000)
 Metaspace       used 26741K, capacity 28705K, committed 28928K, reserved 1075200K
  class space    used 3649K, capacity 4037K, committed 4096K, reserved 1048576K
Event: 19.384 GC heap after
Heap after GC invocations=9 (full 1):
 PSYoungGen      total 118784K, used 6593K [0x00000000d5f80000, 0x00000000ddd80000, 0x0000000100000000)
  eden space 110592K, 0% used [0x00000000d5f80000,0x00000000d5f80000,0x00000000dcb80000)
  from space 8192K, 80% used [0x00000000dd380000,0x00000000dd9f0668,0x00000000ddb80000)
  to   space 8192K, 0% used [0x00000000dcb80000,0x00000000dcb80000,0x00000000dd380000)
 ParOldGen       total 53760K, used 7550K [0x0000000081e00000, 0x0000000085280000, 0x00000000d5f80000)
  object space 53760K, 14% used [0x0000000081e00000,0x000000008255f950,0x0000000085280000)
 Metaspace       used 26741K, capacity 28705K, committed 28928K, reserved 1075200K
  class space    used 3649K, capacity 4037K, committed 4096K, reserved 1048576K
}
Event: 33.721 GC heap before
{Heap before GC invocations=10 (full 1):
 PSYoungGen      total 118784K, used 104564K [0x00000000d5f80000, 0x00000000ddd80000, 0x0000000100000000)
  eden space 110592K, 88% used [0x00000000d5f80000,0x00000000dbf2cca8,0x00000000dcb80000)
  from space 8192K, 80% used [0x00000000dd380000,0x00000000dd9f0668,0x00000000ddb80000)
  to   space 8192K, 0% used [0x00000000dcb80000,0x00000000dcb80000,0x00000000dd380000)
 ParOldGen       total 53760K, used 7550K [0x0000000081e00000, 0x0000000085280000, 0x00000000d5f80000)
  object space 53760K, 14% used [0x0000000081e00000,0x000000008255f950,0x0000000085280000)
 Metaspace       used 33256K, capacity 35409K, committed 35496K, reserved 1079296K
  class space    used 4651K, capacity 5049K, committed 5120K, reserved 1048576K
Event: 33.741 GC heap after
Heap after GC invocations=10 (full 1):
 PSYoungGen      total 118784K, used 8182K [0x00000000d5f80000, 0x00000000ddd80000, 0x0000000100000000)
  eden space 110592K, 0% used [0x00000000d5f80000,0x00000000d5f80000,0x00000000dcb80000)
  from space 8192K, 99% used [0x00000000dcb80000,0x00000000dd37da08,0x00000000dd380000)
  to   space 8192K, 0% used [0x00000000dd380000,0x00000000dd380000,0x00000000ddb80000)
 ParOldGen       total 53760K, used 10706K [0x0000000081e00000, 0x0000000085280000, 0x00000000d5f80000)
  object space 53760K, 19% used [0x0000000081e00000,0x0000000082874a40,0x0000000085280000)
 Metaspace       used 33256K, capacity 35409K, committed 35496K, reserved 1079296K
  class space    used 4651K, capacity 5049K, committed 5120K, reserved 1048576K
}
Event: 33.742 GC heap before
{Heap before GC invocations=11 (full 2):
 PSYoungGen      total 118784K, used 8182K [0x00000000d5f80000, 0x00000000ddd80000, 0x0000000100000000)
  eden space 110592K, 0% used [0x00000000d5f80000,0x00000000d5f80000,0x00000000dcb80000)
  from space 8192K, 99% used [0x00000000dcb80000,0x00000000dd37da08,0x00000000dd380000)
  to   space 8192K, 0% used [0x00000000dd380000,0x00000000dd380000,0x00000000ddb80000)
 ParOldGen       total 53760K, used 10706K [0x0000000081e00000, 0x0000000085280000, 0x00000000d5f80000)
  object space 53760K, 19% used [0x0000000081e00000,0x0000000082874a40,0x0000000085280000)
 Metaspace       used 33256K, capacity 35409K, committed 35496K, reserved 1079296K
  class space    used 4651K, capacity 5049K, committed 5120K, reserved 1048576K
Event: 33.827 GC heap after
Heap after GC invocations=11 (full 2):
 PSYoungGen      total 118784K, used 0K [0x00000000d5f80000, 0x00000000ddd80000, 0x0000000100000000)
  eden space 110592K, 0% used [0x00000000d5f80000,0x00000000d5f80000,0x00000000dcb80000)
  from space 8192K, 0% used [0x00000000dcb80000,0x00000000dcb80000,0x00000000dd380000)
  to   space 8192K, 0% used [0x00000000dd380000,0x00000000dd380000,0x00000000ddb80000)
 ParOldGen       total 79872K, used 16817K [0x0000000081e00000, 0x0000000086c00000, 0x00000000d5f80000)
  object space 79872K, 21% used [0x0000000081e00000,0x0000000082e6c748,0x0000000086c00000)
 Metaspace       used 33256K, capacity 35409K, committed 35496K, reserved 1079296K
  class space    used 4651K, capacity 5049K, committed 5120K, reserved 1048576K
}
Event: 48.859 GC heap before
{Heap before GC invocations=12 (full 2):
 PSYoungGen      total 118784K, used 110592K [0x00000000d5f80000, 0x00000000ddd80000, 0x0000000100000000)
  eden space 110592K, 100% used [0x00000000d5f80000,0x00000000dcb80000,0x00000000dcb80000)
  from space 8192K, 0% used [0x00000000dcb80000,0x00000000dcb80000,0x00000000dd380000)
  to   space 8192K, 0% used [0x00000000dd380000,0x00000000dd380000,0x00000000ddb80000)
 ParOldGen       total 79872K, used 16817K [0x0000000081e00000, 0x0000000086c00000, 0x00000000d5f80000)
  object space 79872K, 21% used [0x0000000081e00000,0x0000000082e6c748,0x0000000086c00000)
 Metaspace       used 42500K, capacity 44765K, committed 45056K, reserved 1087488K
  class space    used 5942K, capacity 6377K, committed 6400K, reserved 1048576K
Event: 48.873 GC heap after
Heap after GC invocations=12 (full 2):
 PSYoungGen      total 118784K, used 8182K [0x00000000d5f80000, 0x00000000ddd80000, 0x0000000100000000)
  eden space 110592K, 0% used [0x00000000d5f80000,0x00000000d5f80000,0x00000000dcb80000)
  from space 8192K, 99% used [0x00000000dd380000,0x00000000ddb7d9d0,0x00000000ddb80000)
  to   space 8192K, 0% used [0x00000000dcb80000,0x00000000dcb80000,0x00000000dd380000)
 ParOldGen       total 79872K, used 19579K [0x0000000081e00000, 0x0000000086c00000, 0x00000000d5f80000)
  object space 79872K, 24% used [0x0000000081e00000,0x000000008311ecd0,0x0000000086c00000)
 Metaspace       used 42500K, capacity 44765K, committed 45056K, reserved 1087488K
  class space    used 5942K, capacity 6377K, committed 6400K, reserved 1048576K
}

