# JRE version: Java(TM) SE Runtime Environment (8.0_251-b08) (build 1.8.0_251-b08)
# Java VM: Java HotSpot(TM) 64-Bit Server VM (25.251-b08 mixed mode windows-amd64 compressed oops)
Heap:
 PSYoungGen      total 105472K, used 25737K [0x00000000f5580000, 0x00000000fca00000, 0x0000000100000000)
  eden space 93696K, 17% used [0x00000000f5580000,0x00000000f656b1a0,0x00000000fb100000)
  from space 11776K, 80% used [0x00000000fbe80000,0x00000000fc7b75c8,0x00000000fca00000)
  to   space 12800K, 0% used [0x00000000fb100000,0x00000000fb100000,0x00000000fbd80000)
 ParOldGen       total 175104K, used 9669K [0x00000000e0000000, 0x00000000eab00000, 0x00000000f5580000)
  object space 175104K, 5% used [0x00000000e0000000,0x00000000e0971410,0x00000000eab00000)
 Metaspace       used 33600K, capacity 35062K, committed 35328K, reserved 1079296K
  class space    used 4803K, capacity 5114K, committed 5120K, reserved 1048576K
GC Heap History (10 events):
Event: 9.131 GC heap before
{Heap before GC invocations=3 (full 0):
 PSYoungGen      total 76288K, used 74709K [0x00000000f5580000, 0x00000000faa80000, 0x0000000100000000)
  eden space 65536K, 100% used [0x00000000f5580000,0x00000000f9580000,0x00000000f9580000)
  from space 10752K, 85% used [0x00000000fa000000,0x00000000fa8f5408,0x00000000faa80000)
  to   space 10752K, 0% used [0x00000000f9580000,0x00000000f9580000,0x00000000fa000000)
 ParOldGen       total 175104K, used 24K [0x00000000e0000000, 0x00000000eab00000, 0x00000000f5580000)
  object space 175104K, 0% used [0x00000000e0000000,0x00000000e0006000,0x00000000eab00000)
 Metaspace       used 18168K, capacity 18810K, committed 18944K, reserved 1064960K
  class space    used 2616K, capacity 2807K, committed 2816K, reserved 1048576K
Event: 9.153 GC heap after
Heap after GC invocations=3 (full 0):
 PSYoungGen      total 76288K, used 10481K [0x00000000f5580000, 0x00000000faa80000, 0x0000000100000000)
  eden space 65536K, 0% used [0x00000000f5580000,0x00000000f5580000,0x00000000f9580000)
  from space 10752K, 97% used [0x00000000f9580000,0x00000000f9fbc718,0x00000000fa000000)
  to   space 10752K, 0% used [0x00000000fa000000,0x00000000fa000000,0x00000000faa80000)
 ParOldGen       total 175104K, used 32K [0x00000000e0000000, 0x00000000eab00000, 0x00000000f5580000)
  object space 175104K, 0% used [0x00000000e0000000,0x00000000e0008000,0x00000000eab00000)
 Metaspace       used 18168K, capacity 18810K, committed 18944K, reserved 1064960K
  class space    used 2616K, capacity 2807K, committed 2816K, reserved 1048576K
}
Event: 9.801 GC heap before
{Heap before GC invocations=4 (full 0):
 PSYoungGen      total 76288K, used 48190K [0x00000000f5580000, 0x00000000faa80000, 0x0000000100000000)
  eden space 65536K, 57% used [0x00000000f5580000,0x00000000f7a53400,0x00000000f9580000)
  from space 10752K, 97% used [0x00000000f9580000,0x00000000f9fbc718,0x00000000fa000000)
  to   space 10752K, 0% used [0x00000000fa000000,0x00000000fa000000,0x00000000faa80000)
 ParOldGen       total 175104K, used 32K [0x00000000e0000000, 0x00000000eab00000, 0x00000000f5580000)
  object space 175104K, 0% used [0x00000000e0000000,0x00000000e0008000,0x00000000eab00000)
 Metaspace       used 20540K, capacity 21284K, committed 21296K, reserved 1067008K
  class space    used 2986K, capacity 3196K, committed 3200K, reserved 1048576K
Event: 9.816 GC heap after
Heap after GC invocations=4 (full 0):
 PSYoungGen      total 76288K, used 9876K [0x00000000f5580000, 0x00000000faa80000, 0x0000000100000000)
  eden space 65536K, 0% used [0x00000000f5580000,0x00000000f5580000,0x00000000f9580000)
  from space 10752K, 91% used [0x00000000fa000000,0x00000000fa9a53e8,0x00000000faa80000)
  to   space 10752K, 0% used [0x00000000f9580000,0x00000000f9580000,0x00000000fa000000)
 ParOldGen       total 175104K, used 40K [0x00000000e0000000, 0x00000000eab00000, 0x00000000f5580000)
  object space 175104K, 0% used [0x00000000e0000000,0x00000000e000a000,0x00000000eab00000)
 Metaspace       used 20540K, capacity 21284K, committed 21296K, reserved 1067008K
  class space    used 2986K, capacity 3196K, committed 3200K, reserved 1048576K
}
Event: 9.817 GC heap before
{Heap before GC invocations=5 (full 1):
 PSYoungGen      total 76288K, used 9876K [0x00000000f5580000, 0x00000000faa80000, 0x0000000100000000)
  eden space 65536K, 0% used [0x00000000f5580000,0x00000000f5580000,0x00000000f9580000)
  from space 10752K, 91% used [0x00000000fa000000,0x00000000fa9a53e8,0x00000000faa80000)
  to   space 10752K, 0% used [0x00000000f9580000,0x00000000f9580000,0x00000000fa000000)
 ParOldGen       total 175104K, used 40K [0x00000000e0000000, 0x00000000eab00000, 0x00000000f5580000)
  object space 175104K, 0% used [0x00000000e0000000,0x00000000e000a000,0x00000000eab00000)
 Metaspace       used 20540K, capacity 21284K, committed 21296K, reserved 1067008K
  class space    used 2986K, capacity 3196K, committed 3200K, reserved 1048576K
Event: 9.932 GC heap after
Heap after GC invocations=5 (full 1):
 PSYoungGen      total 76288K, used 0K [0x00000000f5580000, 0x00000000faa80000, 0x0000000100000000)
  eden space 65536K, 0% used [0x00000000f5580000,0x00000000f5580000,0x00000000f9580000)
  from space 10752K, 0% used [0x00000000fa000000,0x00000000fa000000,0x00000000faa80000)
  to   space 10752K, 0% used [0x00000000f9580000,0x00000000f9580000,0x00000000fa000000)
 ParOldGen       total 175104K, used 9653K [0x00000000e0000000, 0x00000000eab00000, 0x00000000f5580000)
  object space 175104K, 5% used [0x00000000e0000000,0x00000000e096d410,0x00000000eab00000)
 Metaspace       used 20540K, capacity 21284K, committed 21296K, reserved 1067008K
  class space    used 2986K, capacity 3196K, committed 3200K, reserved 1048576K
}
Event: 11.388 GC heap before
{Heap before GC invocations=6 (full 1):
 PSYoungGen      total 76288K, used 65536K [0x00000000f5580000, 0x00000000faa80000, 0x0000000100000000)
  eden space 65536K, 100% used [0x00000000f5580000,0x00000000f9580000,0x00000000f9580000)
  from space 10752K, 0% used [0x00000000fa000000,0x00000000fa000000,0x00000000faa80000)
  to   space 10752K, 0% used [0x00000000f9580000,0x00000000f9580000,0x00000000fa000000)
 ParOldGen       total 175104K, used 9653K [0x00000000e0000000, 0x00000000eab00000, 0x00000000f5580000)
  object space 175104K, 5% used [0x00000000e0000000,0x00000000e096d410,0x00000000eab00000)
 Metaspace       used 24506K, capacity 25766K, committed 25984K, reserved 1071104K
  class space    used 3645K, capacity 3911K, committed 3968K, reserved 1048576K
Event: 11.395 GC heap after
Heap after GC invocations=6 (full 1):
 PSYoungGen      total 76288K, used 5001K [0x00000000f5580000, 0x00000000fcb00000, 0x0000000100000000)
  eden space 65536K, 0% used [0x00000000f5580000,0x00000000f5580000,0x00000000f9580000)
  from space 10752K, 46% used [0x00000000f9580000,0x00000000f9a62438,0x00000000fa000000)
  to   space 12800K, 0% used [0x00000000fbe80000,0x00000000fbe80000,0x00000000fcb00000)
 ParOldGen       total 175104K, used 9661K [0x00000000e0000000, 0x00000000eab00000, 0x00000000f5580000)
  object space 175104K, 5% used [0x00000000e0000000,0x00000000e096f410,0x00000000eab00000)
 Metaspace       used 24506K, capacity 25766K, committed 25984K, reserved 1071104K
  class space    used 3645K, capacity 3911K, committed 3968K, reserved 1048576K
}
Event: 13.752 GC heap before
{Heap before GC invocations=7 (full 1):
 PSYoungGen      total 76288K, used 70537K [0x00000000f5580000, 0x00000000fcb00000, 0x0000000100000000)
  eden space 65536K, 100% used [0x00000000f5580000,0x00000000f9580000,0x00000000f9580000)
  from space 10752K, 46% used [0x00000000f9580000,0x00000000f9a62438,0x00000000fa000000)
  to   space 12800K, 0% used [0x00000000fbe80000,0x00000000fbe80000,0x00000000fcb00000)
 ParOldGen       total 175104K, used 9661K [0x00000000e0000000, 0x00000000eab00000, 0x00000000f5580000)
  object space 175104K, 5% used [0x00000000e0000000,0x00000000e096f410,0x00000000eab00000)
 Metaspace       used 32187K, capacity 33612K, committed 33664K, reserved 1077248K
  class space    used 4692K, capacity 4976K, committed 4992K, reserved 1048576K
Event: 13.769 GC heap after
Heap after GC invocations=7 (full 1):
 PSYoungGen      total 105472K, used 9437K [0x00000000f5580000, 0x00000000fca00000, 0x0000000100000000)
  eden space 93696K, 0% used [0x00000000f5580000,0x00000000f5580000,0x00000000fb100000)
  from space 11776K, 80% used [0x00000000fbe80000,0x00000000fc7b75c8,0x00000000fca00000)
  to   space 12800K, 0% used [0x00000000fb100000,0x00000000fb100000,0x00000000fbd80000)
 ParOldGen       total 175104K, used 9669K [0x00000000e0000000, 0x00000000eab00000, 0x00000000f5580000)
  object space 175104K, 5% used [0x00000000e0000000,0x00000000e0971410,0x00000000eab00000)
 Metaspace       used 32187K, capacity 33612K, committed 33664K, reserved 1077248K
  class space    used 4692K, capacity 4976K, committed 4992K, reserved 1048576K
}

