# JRE version: Java(TM) SE Runtime Environment (8.0_251-b08) (build 1.8.0_251-b08)
# Java VM: Java HotSpot(TM) 64-Bit Server VM (25.251-b08 mixed mode windows-amd64 compressed oops)
Heap:
 PSYoungGen      total 140288K, used 14345K [0x00000000f5580000, 0x00000000feb80000, 0x0000000100000000)
  eden space 127488K, 2% used [0x00000000f5580000,0x00000000f5855470,0x00000000fd200000)
  from space 12800K, 89% used [0x00000000fd280000,0x00000000fddad298,0x00000000fdf00000)
  to   space 6144K, 0% used [0x00000000fe580000,0x00000000fe580000,0x00000000feb80000)
 ParOldGen       total 175104K, used 15201K [0x00000000e0000000, 0x00000000eab00000, 0x00000000f5580000)
  object space 175104K, 8% used [0x00000000e0000000,0x00000000e0ed86a8,0x00000000eab00000)
 Metaspace       used 45271K, capacity 48014K, committed 48128K, reserved 1091584K
  class space    used 6632K, capacity 7140K, committed 7168K, reserved 1048576K
GC Heap History (10 events):
Event: 19.557 GC heap before
{Heap before GC invocations=7 (full 1):
 PSYoungGen      total 76288K, used 70669K [0x00000000f5580000, 0x00000000fc800000, 0x0000000100000000)
  eden space 65536K, 100% used [0x00000000f5580000,0x00000000f9580000,0x00000000f9580000)
  from space 10752K, 47% used [0x00000000f9580000,0x00000000f9a83708,0x00000000fa000000)
  to   space 12800K, 0% used [0x00000000fbb80000,0x00000000fbb80000,0x00000000fc800000)
 ParOldGen       total 175104K, used 9951K [0x00000000e0000000, 0x00000000eab00000, 0x00000000f5580000)
  object space 175104K, 5% used [0x00000000e0000000,0x00000000e09b7ef8,0x00000000eab00000)
 Metaspace       used 32798K, capacity 34174K, committed 34432K, reserved 1079296K
  class space    used 4650K, capacity 4939K, committed 4992K, reserved 1048576K
Event: 19.593 GC heap after
Heap after GC invocations=7 (full 1):
 PSYoungGen      total 103936K, used 10028K [0x00000000f5580000, 0x00000000fca80000, 0x0000000100000000)
  eden space 91136K, 0% used [0x00000000f5580000,0x00000000f5580000,0x00000000fae80000)
  from space 12800K, 78% used [0x00000000fbb80000,0x00000000fc54b078,0x00000000fc800000)
  to   space 13312K, 0% used [0x00000000fae80000,0x00000000fae80000,0x00000000fbb80000)
 ParOldGen       total 175104K, used 9959K [0x00000000e0000000, 0x00000000eab00000, 0x00000000f5580000)
  object space 175104K, 5% used [0x00000000e0000000,0x00000000e09b9ef8,0x00000000eab00000)
 Metaspace       used 32798K, capacity 34174K, committed 34432K, reserved 1079296K
  class space    used 4650K, capacity 4939K, committed 4992K, reserved 1048576K
}
Event: 21.534 GC heap before
{Heap before GC invocations=8 (full 1):
 PSYoungGen      total 103936K, used 35456K [0x00000000f5580000, 0x00000000fca80000, 0x0000000100000000)
  eden space 91136K, 27% used [0x00000000f5580000,0x00000000f6e55158,0x00000000fae80000)
  from space 12800K, 78% used [0x00000000fbb80000,0x00000000fc54b078,0x00000000fc800000)
  to   space 13312K, 0% used [0x00000000fae80000,0x00000000fae80000,0x00000000fbb80000)
 ParOldGen       total 175104K, used 9959K [0x00000000e0000000, 0x00000000eab00000, 0x00000000f5580000)
  object space 175104K, 5% used [0x00000000e0000000,0x00000000e09b9ef8,0x00000000eab00000)
 Metaspace       used 34019K, capacity 35368K, committed 35456K, reserved 1079296K
  class space    used 4869K, capacity 5176K, committed 5248K, reserved 1048576K
Event: 21.556 GC heap after
Heap after GC invocations=8 (full 1):
 PSYoungGen      total 104448K, used 7823K [0x00000000f5580000, 0x00000000ff200000, 0x0000000100000000)
  eden space 91136K, 0% used [0x00000000f5580000,0x00000000f5580000,0x00000000fae80000)
  from space 13312K, 58% used [0x00000000fae80000,0x00000000fb623ef0,0x00000000fbb80000)
  to   space 12800K, 0% used [0x00000000fe580000,0x00000000fe580000,0x00000000ff200000)
 ParOldGen       total 175104K, used 9967K [0x00000000e0000000, 0x00000000eab00000, 0x00000000f5580000)
  object space 175104K, 5% used [0x00000000e0000000,0x00000000e09bbef8,0x00000000eab00000)
 Metaspace       used 34019K, capacity 35368K, committed 35456K, reserved 1079296K
  class space    used 4869K, capacity 5176K, committed 5248K, reserved 1048576K
}
Event: 21.556 GC heap before
{Heap before GC invocations=9 (full 2):
 PSYoungGen      total 104448K, used 7823K [0x00000000f5580000, 0x00000000ff200000, 0x0000000100000000)
  eden space 91136K, 0% used [0x00000000f5580000,0x00000000f5580000,0x00000000fae80000)
  from space 13312K, 58% used [0x00000000fae80000,0x00000000fb623ef0,0x00000000fbb80000)
  to   space 12800K, 0% used [0x00000000fe580000,0x00000000fe580000,0x00000000ff200000)
 ParOldGen       total 175104K, used 9967K [0x00000000e0000000, 0x00000000eab00000, 0x00000000f5580000)
  object space 175104K, 5% used [0x00000000e0000000,0x00000000e09bbef8,0x00000000eab00000)
 Metaspace       used 34019K, capacity 35368K, committed 35456K, reserved 1079296K
  class space    used 4869K, capacity 5176K, committed 5248K, reserved 1048576K
Event: 21.663 GC heap after
Heap after GC invocations=9 (full 2):
 PSYoungGen      total 104448K, used 0K [0x00000000f5580000, 0x00000000ff200000, 0x0000000100000000)
  eden space 91136K, 0% used [0x00000000f5580000,0x00000000f5580000,0x00000000fae80000)
  from space 13312K, 0% used [0x00000000fae80000,0x00000000fae80000,0x00000000fbb80000)
  to   space 12800K, 0% used [0x00000000fe580000,0x00000000fe580000,0x00000000ff200000)
 ParOldGen       total 175104K, used 15193K [0x00000000e0000000, 0x00000000eab00000, 0x00000000f5580000)
  object space 175104K, 8% used [0x00000000e0000000,0x00000000e0ed66a8,0x00000000eab00000)
 Metaspace       used 34019K, capacity 35368K, committed 35456K, reserved 1079296K
  class space    used 4869K, capacity 5176K, committed 5248K, reserved 1048576K
}
Event: 27.833 GC heap before
{Heap before GC invocations=10 (full 2):
 PSYoungGen      total 104448K, used 91136K [0x00000000f5580000, 0x00000000ff200000, 0x0000000100000000)
  eden space 91136K, 100% used [0x00000000f5580000,0x00000000fae80000,0x00000000fae80000)
  from space 13312K, 0% used [0x00000000fae80000,0x00000000fae80000,0x00000000fbb80000)
  to   space 12800K, 0% used [0x00000000fe580000,0x00000000fe580000,0x00000000ff200000)
 ParOldGen       total 175104K, used 15193K [0x00000000e0000000, 0x00000000eab00000, 0x00000000f5580000)
  object space 175104K, 8% used [0x00000000e0000000,0x00000000e0ed66a8,0x00000000eab00000)
 Metaspace       used 38545K, capacity 40218K, committed 40448K, reserved 1083392K
  class space    used 5507K, capacity 5867K, committed 5888K, reserved 1048576K
Event: 27.844 GC heap after
Heap after GC invocations=10 (full 2):
 PSYoungGen      total 133632K, used 5737K [0x00000000f5580000, 0x00000000feb80000, 0x0000000100000000)
  eden space 127488K, 0% used [0x00000000f5580000,0x00000000f5580000,0x00000000fd200000)
  from space 6144K, 93% used [0x00000000fe580000,0x00000000feb1a730,0x00000000feb80000)
  to   space 12800K, 0% used [0x00000000fd280000,0x00000000fd280000,0x00000000fdf00000)
 ParOldGen       total 175104K, used 15193K [0x00000000e0000000, 0x00000000eab00000, 0x00000000f5580000)
  object space 175104K, 8% used [0x00000000e0000000,0x00000000e0ed66a8,0x00000000eab00000)
 Metaspace       used 38545K, capacity 40218K, committed 40448K, reserved 1083392K
  class space    used 5507K, capacity 5867K, committed 5888K, reserved 1048576K
}
Event: 37.260 GC heap before
{Heap before GC invocations=11 (full 2):
 PSYoungGen      total 133632K, used 133225K [0x00000000f5580000, 0x00000000feb80000, 0x0000000100000000)
  eden space 127488K, 100% used [0x00000000f5580000,0x00000000fd200000,0x00000000fd200000)
  from space 6144K, 93% used [0x00000000fe580000,0x00000000feb1a730,0x00000000feb80000)
  to   space 12800K, 0% used [0x00000000fd280000,0x00000000fd280000,0x00000000fdf00000)
 ParOldGen       total 175104K, used 15193K [0x00000000e0000000, 0x00000000eab00000, 0x00000000f5580000)
  object space 175104K, 8% used [0x00000000e0000000,0x00000000e0ed66a8,0x00000000eab00000)
 Metaspace       used 45098K, capacity 47746K, committed 47872K, reserved 1089536K
  class space    used 6591K, capacity 7098K, committed 7168K, reserved 1048576K
Event: 37.293 GC heap after
Heap after GC invocations=11 (full 2):
 PSYoungGen      total 140288K, used 11444K [0x00000000f5580000, 0x00000000feb80000, 0x0000000100000000)
  eden space 127488K, 0% used [0x00000000f5580000,0x00000000f5580000,0x00000000fd200000)
  from space 12800K, 89% used [0x00000000fd280000,0x00000000fddad298,0x00000000fdf00000)
  to   space 6144K, 0% used [0x00000000fe580000,0x00000000fe580000,0x00000000feb80000)
 ParOldGen       total 175104K, used 15201K [0x00000000e0000000, 0x00000000eab00000, 0x00000000f5580000)
  object space 175104K, 8% used [0x00000000e0000000,0x00000000e0ed86a8,0x00000000eab00000)
 Metaspace       used 45098K, capacity 47746K, committed 47872K, reserved 1089536K
  class space    used 6591K, capacity 7098K, committed 7168K, reserved 1048576K
}

