# JRE version: Java(TM) SE Runtime Environment (8.0_251-b08) (build 1.8.0_251-b08)
# Java VM: Java HotSpot(TM) 64-Bit Server VM (25.251-b08 mixed mode windows-amd64 compressed oops)
Heap:
 PSYoungGen      total 118272K, used 47293K [0x00000000f5580000, 0x00000000fd580000, 0x0000000100000000)
  eden space 105472K, 44% used [0x00000000f5580000,0x00000000f83af450,0x00000000fbc80000)
  from space 12800K, 0% used [0x00000000fbc80000,0x00000000fbc80000,0x00000000fc900000)
  to   space 12800K, 0% used [0x00000000fc900000,0x00000000fc900000,0x00000000fd580000)
 ParOldGen       total 175104K, used 14614K [0x00000000e0000000, 0x00000000eab00000, 0x00000000f5580000)
  object space 175104K, 8% used [0x00000000e0000000,0x00000000e0e45888,0x00000000eab00000)
 Metaspace       used 36156K, capacity 37792K, committed 38144K, reserved 1081344K
  class space    used 5181K, capacity 5510K, committed 5632K, reserved 1048576K
GC Heap History (10 events):
Event: 10.740 GC heap before
{Heap before GC invocations=5 (full 1):
 PSYoungGen      total 76288K, used 9844K [0x00000000f5580000, 0x00000000fea80000, 0x0000000100000000)
  eden space 65536K, 0% used [0x00000000f5580000,0x00000000f5580000,0x00000000f9580000)
  from space 10752K, 91% used [0x00000000fa000000,0x00000000fa99d0c8,0x00000000faa80000)
  to   space 10752K, 0% used [0x00000000f9580000,0x00000000f9580000,0x00000000fa000000)
 ParOldGen       total 175104K, used 40K [0x00000000e0000000, 0x00000000eab00000, 0x00000000f5580000)
  object space 175104K, 0% used [0x00000000e0000000,0x00000000e000a000,0x00000000eab00000)
 Metaspace       used 20565K, capacity 21284K, committed 21296K, reserved 1067008K
  class space    used 2987K, capacity 3196K, committed 3200K, reserved 1048576K
Event: 10.817 GC heap after
Heap after GC invocations=5 (full 1):
 PSYoungGen      total 76288K, used 0K [0x00000000f5580000, 0x00000000fea80000, 0x0000000100000000)
  eden space 65536K, 0% used [0x00000000f5580000,0x00000000f5580000,0x00000000f9580000)
  from space 10752K, 0% used [0x00000000fa000000,0x00000000fa000000,0x00000000faa80000)
  to   space 10752K, 0% used [0x00000000f9580000,0x00000000f9580000,0x00000000fa000000)
 ParOldGen       total 175104K, used 9603K [0x00000000e0000000, 0x00000000eab00000, 0x00000000f5580000)
  object space 175104K, 5% used [0x00000000e0000000,0x00000000e0960e90,0x00000000eab00000)
 Metaspace       used 20565K, capacity 21284K, committed 21296K, reserved 1067008K
  class space    used 2987K, capacity 3196K, committed 3200K, reserved 1048576K
}
Event: 11.956 GC heap before
{Heap before GC invocations=6 (full 1):
 PSYoungGen      total 76288K, used 65536K [0x00000000f5580000, 0x00000000fea80000, 0x0000000100000000)
  eden space 65536K, 100% used [0x00000000f5580000,0x00000000f9580000,0x00000000f9580000)
  from space 10752K, 0% used [0x00000000fa000000,0x00000000fa000000,0x00000000faa80000)
  to   space 10752K, 0% used [0x00000000f9580000,0x00000000f9580000,0x00000000fa000000)
 ParOldGen       total 175104K, used 9603K [0x00000000e0000000, 0x00000000eab00000, 0x00000000f5580000)
  object space 175104K, 5% used [0x00000000e0000000,0x00000000e0960e90,0x00000000eab00000)
 Metaspace       used 24533K, capacity 25808K, committed 25984K, reserved 1071104K
  class space    used 3649K, capacity 3908K, committed 3968K, reserved 1048576K
Event: 11.964 GC heap after
Heap after GC invocations=6 (full 1):
 PSYoungGen      total 76288K, used 5089K [0x00000000f5580000, 0x00000000fd580000, 0x0000000100000000)
  eden space 65536K, 0% used [0x00000000f5580000,0x00000000f5580000,0x00000000f9580000)
  from space 10752K, 47% used [0x00000000f9580000,0x00000000f9a78520,0x00000000fa000000)
  to   space 12800K, 0% used [0x00000000fc900000,0x00000000fc900000,0x00000000fd580000)
 ParOldGen       total 175104K, used 9611K [0x00000000e0000000, 0x00000000eab00000, 0x00000000f5580000)
  object space 175104K, 5% used [0x00000000e0000000,0x00000000e0962e90,0x00000000eab00000)
 Metaspace       used 24533K, capacity 25808K, committed 25984K, reserved 1071104K
  class space    used 3649K, capacity 3908K, committed 3968K, reserved 1048576K
}
Event: 13.335 GC heap before
{Heap before GC invocations=7 (full 1):
 PSYoungGen      total 76288K, used 70549K [0x00000000f5580000, 0x00000000fd580000, 0x0000000100000000)
  eden space 65536K, 99% used [0x00000000f5580000,0x00000000f956cf58,0x00000000f9580000)
  from space 10752K, 47% used [0x00000000f9580000,0x00000000f9a78520,0x00000000fa000000)
  to   space 12800K, 0% used [0x00000000fc900000,0x00000000fc900000,0x00000000fd580000)
 ParOldGen       total 175104K, used 9611K [0x00000000e0000000, 0x00000000eab00000, 0x00000000f5580000)
  object space 175104K, 5% used [0x00000000e0000000,0x00000000e0962e90,0x00000000eab00000)
 Metaspace       used 31874K, capacity 33362K, committed 33536K, reserved 1077248K
  class space    used 4658K, capacity 5001K, committed 5120K, reserved 1048576K
Event: 13.352 GC heap after
Heap after GC invocations=7 (full 1):
 PSYoungGen      total 118272K, used 9560K [0x00000000f5580000, 0x00000000fd580000, 0x0000000100000000)
  eden space 105472K, 0% used [0x00000000f5580000,0x00000000f5580000,0x00000000fbc80000)
  from space 12800K, 74% used [0x00000000fc900000,0x00000000fd256018,0x00000000fd580000)
  to   space 12800K, 0% used [0x00000000fbc80000,0x00000000fbc80000,0x00000000fc900000)
 ParOldGen       total 175104K, used 9619K [0x00000000e0000000, 0x00000000eab00000, 0x00000000f5580000)
  object space 175104K, 5% used [0x00000000e0000000,0x00000000e0964e90,0x00000000eab00000)
 Metaspace       used 31874K, capacity 33362K, committed 33536K, reserved 1077248K
  class space    used 4658K, capacity 5001K, committed 5120K, reserved 1048576K
}
Event: 13.771 GC heap before
{Heap before GC invocations=8 (full 1):
 PSYoungGen      total 118272K, used 33367K [0x00000000f5580000, 0x00000000fd580000, 0x0000000100000000)
  eden space 105472K, 22% used [0x00000000f5580000,0x00000000f6cbfc10,0x00000000fbc80000)
  from space 12800K, 74% used [0x00000000fc900000,0x00000000fd256018,0x00000000fd580000)
  to   space 12800K, 0% used [0x00000000fbc80000,0x00000000fbc80000,0x00000000fc900000)
 ParOldGen       total 175104K, used 9619K [0x00000000e0000000, 0x00000000eab00000, 0x00000000f5580000)
  object space 175104K, 5% used [0x00000000e0000000,0x00000000e0964e90,0x00000000eab00000)
 Metaspace       used 33913K, capacity 35362K, committed 35456K, reserved 1079296K
  class space    used 4855K, capacity 5214K, committed 5248K, reserved 1048576K
Event: 13.796 GC heap after
Heap after GC invocations=8 (full 1):
 PSYoungGen      total 118272K, used 7185K [0x00000000f5580000, 0x00000000fd580000, 0x0000000100000000)
  eden space 105472K, 0% used [0x00000000f5580000,0x00000000f5580000,0x00000000fbc80000)
  from space 12800K, 56% used [0x00000000fbc80000,0x00000000fc384780,0x00000000fc900000)
  to   space 12800K, 0% used [0x00000000fc900000,0x00000000fc900000,0x00000000fd580000)
 ParOldGen       total 175104K, used 9627K [0x00000000e0000000, 0x00000000eab00000, 0x00000000f5580000)
  object space 175104K, 5% used [0x00000000e0000000,0x00000000e0966e90,0x00000000eab00000)
 Metaspace       used 33913K, capacity 35362K, committed 35456K, reserved 1079296K
  class space    used 4855K, capacity 5214K, committed 5248K, reserved 1048576K
}
Event: 13.796 GC heap before
{Heap before GC invocations=9 (full 2):
 PSYoungGen      total 118272K, used 7185K [0x00000000f5580000, 0x00000000fd580000, 0x0000000100000000)
  eden space 105472K, 0% used [0x00000000f5580000,0x00000000f5580000,0x00000000fbc80000)
  from space 12800K, 56% used [0x00000000fbc80000,0x00000000fc384780,0x00000000fc900000)
  to   space 12800K, 0% used [0x00000000fc900000,0x00000000fc900000,0x00000000fd580000)
 ParOldGen       total 175104K, used 9627K [0x00000000e0000000, 0x00000000eab00000, 0x00000000f5580000)
  object space 175104K, 5% used [0x00000000e0000000,0x00000000e0966e90,0x00000000eab00000)
 Metaspace       used 33913K, capacity 35362K, committed 35456K, reserved 1079296K
  class space    used 4855K, capacity 5214K, committed 5248K, reserved 1048576K
Event: 13.889 GC heap after
Heap after GC invocations=9 (full 2):
 PSYoungGen      total 118272K, used 0K [0x00000000f5580000, 0x00000000fd580000, 0x0000000100000000)
  eden space 105472K, 0% used [0x00000000f5580000,0x00000000f5580000,0x00000000fbc80000)
  from space 12800K, 0% used [0x00000000fbc80000,0x00000000fbc80000,0x00000000fc900000)
  to   space 12800K, 0% used [0x00000000fc900000,0x00000000fc900000,0x00000000fd580000)
 ParOldGen       total 175104K, used 14614K [0x00000000e0000000, 0x00000000eab00000, 0x00000000f5580000)
  object space 175104K, 8% used [0x00000000e0000000,0x00000000e0e45888,0x00000000eab00000)
 Metaspace       used 33907K, capacity 35344K, committed 35456K, reserved 1079296K
  class space    used 4854K, capacity 5211K, committed 5248K, reserved 1048576K
}

