# JRE version: Java(TM) SE Runtime Environment (8.0_251-b08) (build 1.8.0_251-b08)
# Java VM: Java HotSpot(TM) 64-Bit Server VM (25.251-b08 mixed mode windows-amd64 compressed oops)
Heap:
 PSYoungGen      total 154112K, used 34548K [0x00000000f5580000, 0x0000000100000000, 0x0000000100000000)
  eden space 134656K, 23% used [0x00000000f5580000,0x00000000f747ad08,0x00000000fd900000)
  from space 19456K, 14% used [0x00000000fd900000,0x00000000fdbc2540,0x00000000fec00000)
  to   space 19456K, 0% used [0x00000000fed00000,0x00000000fed00000,0x0000000100000000)
 ParOldGen       total 200704K, used 43272K [0x00000000e0000000, 0x00000000ec400000, 0x00000000f5580000)
  object space 200704K, 21% used [0x00000000e0000000,0x00000000e2a422a8,0x00000000ec400000)
 Metaspace       used 68391K, capacity 72608K, committed 72792K, reserved 1112064K
  class space    used 9276K, capacity 9965K, committed 10072K, reserved 1048576K
GC Heap History (10 events):
Event: 87.898 GC heap before
{Heap before GC invocations=20 (full 3):
 PSYoungGen      total 154112K, used 134656K [0x00000000f5580000, 0x0000000100000000, 0x0000000100000000)
  eden space 134656K, 100% used [0x00000000f5580000,0x00000000fd900000,0x00000000fd900000)
  from space 19456K, 0% used [0x00000000fed00000,0x00000000fed00000,0x0000000100000000)
  to   space 19968K, 0% used [0x00000000fd900000,0x00000000fd900000,0x00000000fec80000)
 ParOldGen       total 200704K, used 28726K [0x00000000e0000000, 0x00000000ec400000, 0x00000000f5580000)
  object space 200704K, 14% used [0x00000000e0000000,0x00000000e1c0d958,0x00000000ec400000)
 Metaspace       used 62720K, capacity 66518K, committed 66648K, reserved 1105920K
  class space    used 8820K, capacity 9497K, committed 9560K, reserved 1048576K
Event: 87.931 GC heap after
Heap after GC invocations=20 (full 3):
 PSYoungGen      total 154624K, used 9104K [0x00000000f5580000, 0x00000000fff80000, 0x0000000100000000)
  eden space 134656K, 0% used [0x00000000f5580000,0x00000000f5580000,0x00000000fd900000)
  from space 19968K, 45% used [0x00000000fd900000,0x00000000fe1e4090,0x00000000fec80000)
  to   space 19456K, 0% used [0x00000000fec80000,0x00000000fec80000,0x00000000fff80000)
 ParOldGen       total 200704K, used 28734K [0x00000000e0000000, 0x00000000ec400000, 0x00000000f5580000)
  object space 200704K, 14% used [0x00000000e0000000,0x00000000e1c0f958,0x00000000ec400000)
 Metaspace       used 62720K, capacity 66518K, committed 66648K, reserved 1105920K
  class space    used 8820K, capacity 9497K, committed 9560K, reserved 1048576K
}
Event: 104.187 GC heap before
{Heap before GC invocations=21 (full 3):
 PSYoungGen      total 154624K, used 143760K [0x00000000f5580000, 0x00000000fff80000, 0x0000000100000000)
  eden space 134656K, 100% used [0x00000000f5580000,0x00000000fd900000,0x00000000fd900000)
  from space 19968K, 45% used [0x00000000fd900000,0x00000000fe1e4090,0x00000000fec80000)
  to   space 19456K, 0% used [0x00000000fec80000,0x00000000fec80000,0x00000000fff80000)
 ParOldGen       total 200704K, used 28734K [0x00000000e0000000, 0x00000000ec400000, 0x00000000f5580000)
  object space 200704K, 14% used [0x00000000e0000000,0x00000000e1c0f958,0x00000000ec400000)
 Metaspace       used 66331K, capacity 70454K, committed 70616K, reserved 1110016K
  class space    used 9188K, capacity 9882K, committed 9944K, reserved 1048576K
Event: 104.216 GC heap after
Heap after GC invocations=21 (full 3):
 PSYoungGen      total 154624K, used 12297K [0x00000000f5580000, 0x00000000fff80000, 0x0000000100000000)
  eden space 135168K, 0% used [0x00000000f5580000,0x00000000f5580000,0x00000000fd980000)
  from space 19456K, 63% used [0x00000000fec80000,0x00000000ff882748,0x00000000fff80000)
  to   space 19456K, 0% used [0x00000000fd980000,0x00000000fd980000,0x00000000fec80000)
 ParOldGen       total 200704K, used 28742K [0x00000000e0000000, 0x00000000ec400000, 0x00000000f5580000)
  object space 200704K, 14% used [0x00000000e0000000,0x00000000e1c11958,0x00000000ec400000)
 Metaspace       used 66331K, capacity 70454K, committed 70616K, reserved 1110016K
  class space    used 9188K, capacity 9882K, committed 9944K, reserved 1048576K
}
Event: 122.237 GC heap before
{Heap before GC invocations=22 (full 3):
 PSYoungGen      total 154624K, used 147465K [0x00000000f5580000, 0x00000000fff80000, 0x0000000100000000)
  eden space 135168K, 100% used [0x00000000f5580000,0x00000000fd980000,0x00000000fd980000)
  from space 19456K, 63% used [0x00000000fec80000,0x00000000ff882748,0x00000000fff80000)
  to   space 19456K, 0% used [0x00000000fd980000,0x00000000fd980000,0x00000000fec80000)
 ParOldGen       total 200704K, used 28742K [0x00000000e0000000, 0x00000000ec400000, 0x00000000f5580000)
  object space 200704K, 14% used [0x00000000e0000000,0x00000000e1c11958,0x00000000ec400000)
 Metaspace       used 67170K, capacity 71432K, committed 71640K, reserved 1112064K
  class space    used 9232K, capacity 9941K, committed 9944K, reserved 1048576K
Event: 122.296 GC heap after
Heap after GC invocations=22 (full 3):
 PSYoungGen      total 143872K, used 8645K [0x00000000f5580000, 0x00000000ffe00000, 0x0000000100000000)
  eden space 135168K, 0% used [0x00000000f5580000,0x00000000f5580000,0x00000000fd980000)
  from space 8704K, 99% used [0x00000000fd980000,0x00000000fe1f1420,0x00000000fe200000)
  to   space 18432K, 0% used [0x00000000fec00000,0x00000000fec00000,0x00000000ffe00000)
 ParOldGen       total 200704K, used 34282K [0x00000000e0000000, 0x00000000ec400000, 0x00000000f5580000)
  object space 200704K, 17% used [0x00000000e0000000,0x00000000e217a818,0x00000000ec400000)
 Metaspace       used 67170K, capacity 71432K, committed 71640K, reserved 1112064K
  class space    used 9232K, capacity 9941K, committed 9944K, reserved 1048576K
}
Event: 163.486 GC heap before
{Heap before GC invocations=23 (full 3):
 PSYoungGen      total 143872K, used 143813K [0x00000000f5580000, 0x00000000ffe00000, 0x0000000100000000)
  eden space 135168K, 100% used [0x00000000f5580000,0x00000000fd980000,0x00000000fd980000)
  from space 8704K, 99% used [0x00000000fd980000,0x00000000fe1f1420,0x00000000fe200000)
  to   space 18432K, 0% used [0x00000000fec00000,0x00000000fec00000,0x00000000ffe00000)
 ParOldGen       total 200704K, used 34282K [0x00000000e0000000, 0x00000000ec400000, 0x00000000f5580000)
  object space 200704K, 17% used [0x00000000e0000000,0x00000000e217a818,0x00000000ec400000)
 Metaspace       used 67609K, capacity 71868K, committed 72024K, reserved 1112064K
  class space    used 9252K, capacity 9961K, committed 10072K, reserved 1048576K
Event: 163.506 GC heap after
Heap after GC invocations=23 (full 3):
 PSYoungGen      total 153088K, used 1616K [0x00000000f5580000, 0x0000000100000000, 0x0000000100000000)
  eden space 134656K, 0% used [0x00000000f5580000,0x00000000f5580000,0x00000000fd900000)
  from space 18432K, 8% used [0x00000000fec00000,0x00000000fed94020,0x00000000ffe00000)
  to   space 19456K, 0% used [0x00000000fd900000,0x00000000fd900000,0x00000000fec00000)
 ParOldGen       total 200704K, used 42056K [0x00000000e0000000, 0x00000000ec400000, 0x00000000f5580000)
  object space 200704K, 20% used [0x00000000e0000000,0x00000000e29122a8,0x00000000ec400000)
 Metaspace       used 67609K, capacity 71868K, committed 72024K, reserved 1112064K
  class space    used 9252K, capacity 9961K, committed 10072K, reserved 1048576K
}
Event: 198.712 GC heap before
{Heap before GC invocations=24 (full 3):
 PSYoungGen      total 153088K, used 136272K [0x00000000f5580000, 0x0000000100000000, 0x0000000100000000)
  eden space 134656K, 100% used [0x00000000f5580000,0x00000000fd900000,0x00000000fd900000)
  from space 18432K, 8% used [0x00000000fec00000,0x00000000fed94020,0x00000000ffe00000)
  to   space 19456K, 0% used [0x00000000fd900000,0x00000000fd900000,0x00000000fec00000)
 ParOldGen       total 200704K, used 42056K [0x00000000e0000000, 0x00000000ec400000, 0x00000000f5580000)
  object space 200704K, 20% used [0x00000000e0000000,0x00000000e29122a8,0x00000000ec400000)
 Metaspace       used 68160K, capacity 72472K, committed 72792K, reserved 1112064K
  class space    used 9259K, capacity 9961K, committed 10072K, reserved 1048576K
Event: 198.721 GC heap after
Heap after GC invocations=24 (full 3):
 PSYoungGen      total 154112K, used 2825K [0x00000000f5580000, 0x0000000100000000, 0x0000000100000000)
  eden space 134656K, 0% used [0x00000000f5580000,0x00000000f5580000,0x00000000fd900000)
  from space 19456K, 14% used [0x00000000fd900000,0x00000000fdbc2540,0x00000000fec00000)
  to   space 19456K, 0% used [0x00000000fed00000,0x00000000fed00000,0x0000000100000000)
 ParOldGen       total 200704K, used 43272K [0x00000000e0000000, 0x00000000ec400000, 0x00000000f5580000)
  object space 200704K, 21% used [0x00000000e0000000,0x00000000e2a422a8,0x00000000ec400000)
 Metaspace       used 68160K, capacity 72472K, committed 72792K, reserved 1112064K
  class space    used 9259K, capacity 9961K, committed 10072K, reserved 1048576K
}

